<?xml version="1.0" encoding="UTF-8"?>
<testsuite xmlns:xsi="http://www.w3.org/2001/XMLSchema-instance" xsi:noNamespaceSchemaLocation="https://maven.apache.org/surefire/maven-surefire-plugin/xsd/surefire-test-report-3.0.xsd" version="3.0" name="demo.DemoTestParallel" time="24.272" tests="1" errors="0" skipped="0" failures="0">
  <properties>
[...]
</properties>
  <testcase name="testParallel" classname="demo.DemoTestParallel" time="16.427">
    <system-out><![CDATA[
  .   ____          _            __ _ _
 /\\ / ___'_ __ _ _(_)_ __  __ _ \ \ \ \
( ( )\___ | '_ | '_| | '_ \/ _` | \ \ \ \
 \\/  ___)| |_)| | | | | || (_| |  ) ) ) )
  '  |____| .__|_| |_|_| |_\__, | / / / /
 =========|_|==============|___/=/_/_/_/
 :: Spring Boot ::                (v2.6.6)

13:22:54.601 [main] INFO  c.i.k.d.controller.UploadController - created directory: target\demofiles
13:22:55.756 [main] WARN  o.s.b.a.s.s.UserDetailsServiceAutoConfiguration - 

Using generated security password: 9d6b6e06-cd40-4c30-b59c-c132a2763483

This generated password is for development use only. Your security configuration must be updated before running your application in production.

13:22:56.245 [main] INFO  c.i.k.d.c.ServerStartedInitializingBean - after runtime init, local server port: 21840
13:22:56.268 [main] INFO  c.i.k.d.c.ServerStartedInitializingBean - server started with args: [--server.port=0]
13:22:56.332 [main] INFO  com.intuit.karate.Runner - karate.env is: 'demo'
13:22:58.559 [main] DEBUG com.intuit.karate.Suite - [config] classpath:karate-config.js
13:22:58.584 [main] DEBUG com.intuit.karate.Suite - waiting for 5 features to complete
13:23:02.553 [pool-2-thread-1] INFO  com.intuit.karate - [print] FAQ-Test-25918 
13:23:02.553 [pool-2-thread-2] INFO  com.intuit.karate - [print] FAQ-Test-40014 
13:23:02.574 [pool-2-thread-4] DEBUG c.intuit.karate.core.ScenarioEngine - over-writing existing variable 'modifiedJson' with new value: JsonModifier.updateField(requestPayload, 'ticket_recipient_email', email)
13:23:02.582 [pool-2-thread-4] DEBUG c.intuit.karate.core.ScenarioEngine - over-writing existing variable 'modifiedJson' with new value: JsonModifier.updateField(requestPayload, 'ticket_recipient_name', visitorName)
13:23:02.933 [pool-2-thread-5] DEBUG com.intuit.karate - request:
1 > GET https://test-chat-022.revechat.com/rest/v1/external-ticket/681b1127b5c1704e019545cc
1 > authorization: eyJhbGciOiJIUzI1NiJ9.eyJhY2NvdW50SWQiOiI1NDg3OTg3Iiwic3ViIjoiYXV0aG9yaXphdGlvbiIsImV4cCI6MTc1MTg4NDA0MiwiaWF0IjoxNzQ5MjkyMDQyfQ.mCS1ZrMFhWqJyDAEf6-QYFfvZwHaXMmL7Dv0ydU300M
1 > Host: test-chat-022.revechat.com
1 > Connection: Keep-Alive
1 > User-Agent: Apache-HttpClient/4.5.13 (Java/21.0.7)
1 > Accept-Encoding: gzip,deflate


13:23:02.933 [pool-2-thread-3] DEBUG com.intuit.karate - request:
1 > GET https://test-chat-022.revechat.com/rest/v1/external-ticket/all-with-last-msg/5487987?tzoff=-360&isPagedResult=true&pageNo=0&pageSize=10
1 > authorization: eyJhbGciOiJIUzI1NiJ9.eyJhY2NvdW50SWQiOiI1NDg3OTg3Iiwic3ViIjoiYXV0aG9yaXphdGlvbiIsImV4cCI6MTc1MTg4NDA0MiwiaWF0IjoxNzQ5MjkyMDQyfQ.mCS1ZrMFhWqJyDAEf6-QYFfvZwHaXMmL7Dv0ydU300M
1 > Host: test-chat-022.revechat.com
1 > Connection: Keep-Alive
1 > User-Agent: Apache-HttpClient/4.5.13 (Java/21.0.7)
1 > Accept-Encoding: gzip,deflate


13:23:02.934 [pool-2-thread-4] DEBUG com.intuit.karate - request:
1 > POST https://test-chat-022.revechat.com/rest/v1/ticket
1 > Accept: */*
1 > Content-Type: application/json; charset=UTF-8
1 > Authorization: eyJhbGciOiJIUzI1NiJ9.eyJhY2NvdW50SWQiOiI1NDg3OTg3Iiwic3ViIjoiYXV0aG9yaXphdGlvbiIsImV4cCI6MTc1MjU2NDkxNCwidXNlcklkIjo4NTY0MDc4LCJpYXQiOjE3NDk5NzI5MTR9.W_f9mRkq_8agu4tgVRt_pfhgV1g2wpTP88rUHYIHheo
1 > User-Agent: REVECHAT-MOBILE-APP
1 > Cookie: JSESSIONID=YjA5OTQyNDMtMGJlMi00YmQ5LWE0OGYtNTcxNmY1YTllNjhh; revechatLocaleCookie=en
1 > Content-Length: 1453
1 > Host: test-chat-022.revechat.com
1 > Connection: Keep-Alive
1 > Accept-Encoding: gzip,deflate
{"accountId":"5487987","attachments":[],"confirmationEmailStatus":"TO_SEND","creationSource":"MANUAL","creatorId":8564078,"description":"","hasNewMsg":true,"subject":"Test ticket 2","tagIds":[],"ticketCreationType":"OUTBOUND","visitorRecordId":394810,"vsVisitorId":null,"ticketPriorityId":5,"ticketStatusId":1,"dueDate":null,"timeZoneOffset":-360,"chatInfoId":null,"assigneeId":null,"formUUID":"c2790ef9-afb7-45a6-b467-d5c383f4160c","fields":[{"key":"Recipient Name","value":"Hamid Khan-5","attribute":"ticket_recipient_name","id":"809e7330-5975-4a42-bdd0-e52173a877b8","valueLabel":"Hamid Khan-5"},{"key":"Recipient Email","value":"dynamic.email@example.com","attribute":"ticket_recipient_email","id":"775a33ba-46dd-4fa4-97db-cf948f789dcf","valueLabel":"dynamic.email@example.com"},{"key":"Select area where you are facing the problem","value":"","attribute":"problem_area","id":"7617b061-8f44-51e2-41b0-04d009d51b3f","valueLabel":""},{"key":"Subject","value":"Test ticket 71880","attribute":"ticket_subject","id":"f780bd4c-b3e1-455f-94f0-56e7d9016f74","valueLabel":"Test ticket 71880"},{"key":"Description","value":"<p>This is test ticket -2<\/p>","attribute":"ticket_description","id":"d824e5bc-40d6-486e-a34d-9c8537d071ff","valueLabel":"This is test ticket -2"},{"key":"Upload a reference","value":"","attribute":"attached_reference","id":"a061a98c-92bc-3c45-8b18-c4e7fee43c0a","valueLabel":""}],"visitorUUID":"0425d804-5d19-48ed-97c2-bbfc0a79be8f"}

13:23:02.934 [pool-2-thread-2] DEBUG com.intuit.karate - request:
1 > POST https://test-chat-022.revechat.com/rest/v1/bot/faq/add/13424/5487987
1 > Accept: */*
1 > Content-Type: application/json; charset=UTF-8
1 > Authorization: eyJhbGciOiJIUzI1NiJ9.eyJhY2NvdW50SWQiOiI1NDg3OTg3Iiwic3ViIjoiYXV0aG9yaXphdGlvbiIsImV4cCI6MTc1MjU2NDkxNCwidXNlcklkIjo4NTY0MDc4LCJpYXQiOjE3NDk5NzI5MTR9.W_f9mRkq_8agu4tgVRt_pfhgV1g2wpTP88rUHYIHheo
1 > User-Agent: REVECHAT-MOBILE-APP
1 > Cookie: JSESSIONID=YjA5OTQyNDMtMGJlMi00YmQ5LWE0OGYtNTcxNmY1YTllNjhh; revechatLocaleCookie=en
1 > Content-Length: 264
1 > Host: test-chat-022.revechat.com
1 > Connection: Keep-Alive
1 > Accept-Encoding: gzip,deflate
{"accountId":"5487987","botId":13424,"createdTime":0,"flowId":0,"height":0,"intentId":0,"isDeleted":0,"isUpdated":true,"name":"FAQ-Test-40014","note":"This is test -5","positionX":0,"positionY":0,"response":"string","serialNo":0,"type":"FAQ","version":0,"width":0}

13:23:02.934 [pool-2-thread-1] DEBUG com.intuit.karate - request:
1 > GET https://test-chat-022.revechat.com/rest/v1/bot-info/5487987
1 > Accept: */*
1 > Content-Type: application/json
1 > Authorization: eyJhbGciOiJIUzI1NiJ9.eyJhY2NvdW50SWQiOiI1NDg3OTg3Iiwic3ViIjoiYXV0aG9yaXphdGlvbiIsImV4cCI6MTc1MjU2NDkxNCwidXNlcklkIjo4NTY0MDc4LCJpYXQiOjE3NDk5NzI5MTR9.W_f9mRkq_8agu4tgVRt_pfhgV1g2wpTP88rUHYIHheo
1 > User-Agent: REVECHAT-MOBILE-APP
1 > Cookie: JSESSIONID=YjA5OTQyNDMtMGJlMi00YmQ5LWE0OGYtNTcxNmY1YTllNjhh; revechatLocaleCookie=en
1 > Host: test-chat-022.revechat.com
1 > Connection: Keep-Alive
1 > Accept-Encoding: gzip,deflate


13:23:03.932 [pool-2-thread-2] DEBUG com.intuit.karate - response time in milliseconds: 980
1 < 200
1 < Server: nginx/1.20.1
1 < Date: Mon, 23 Jun 2025 07:23:04 GMT
1 < Content-Type: application/json;charset=UTF-8
1 < Transfer-Encoding: chunked
1 < Connection: keep-alive
1 < Vary: Origin
1 < Vary: Access-Control-Request-Method
1 < Vary: Access-Control-Request-Headers
1 < Set-Cookie: revechatLocaleCookie=en; Max-Age=31536000; Expires=Tue, 23-Jun-2026 07:23:04 GMT; Path=/; SameSite=None
1 < X-Content-Type-Options: nosniff
1 < X-XSS-Protection: 1; mode=block
1 < Cache-Control: no-cache, no-store, max-age=0, must-revalidate
1 < Pragma: no-cache
1 < Expires: 0
1 < Referrer-Policy: no-referrer
1 < Access-Control-Allow-Origin: *
1 < Access-Control-Allow-Credentials: true
1 < Access-Control-Allow-Methods: GET, POST, PUT, DELETE, OPTIONS
1 < Access-Control-Allow-Headers: DNT,X-CustomHeader,Keep-Alive,User-Agent,X-Requested-With,If-Modified-Since,Cache-Control,Content-Type
{"status":"success","message":"found","body":{"intentId":586785,"name":"FAQ-Test-40014","response":null,"accountId":"5487987","botId":13424,"type":"FAQ","createdTime":1750663384283,"isDeleted":0,"serialNo":0,"positionX":0.0,"positionY":0.0,"width":0.0,"height":0.0,"version":0,"isUpdated":true,"note":"This is test -5","flowId":0}}

13:23:03.943 [pool-2-thread-2] INFO  com.intuit.karate - [print] FAQ-Test-40014 
13:23:03.945 [pool-2-thread-2] INFO  com.intuit.karate - [print] FAQ-Test-40014 
13:23:03.960 [pool-2-thread-5] DEBUG com.intuit.karate - response time in milliseconds: 1023
1 < 200
1 < Server: nginx/1.20.1
1 < Date: Mon, 23 Jun 2025 07:23:04 GMT
1 < Content-Type: application/json;charset=UTF-8
1 < Transfer-Encoding: chunked
1 < Connection: keep-alive
1 < Vary: Origin
1 < Vary: Access-Control-Request-Method
1 < Vary: Access-Control-Request-Headers
1 < Set-Cookie: revechatLocaleCookie=en; Max-Age=31536000; Expires=Tue, 23-Jun-2026 07:23:04 GMT; Path=/; SameSite=None
1 < X-Content-Type-Options: nosniff
1 < X-XSS-Protection: 1; mode=block
1 < Cache-Control: no-cache, no-store, max-age=0, must-revalidate
1 < Pragma: no-cache
1 < Expires: 0
1 < Referrer-Policy: no-referrer
1 < Access-Control-Allow-Origin: *
1 < Access-Control-Allow-Credentials: true
1 < Access-Control-Allow-Methods: GET, POST, PUT, DELETE, OPTIONS
1 < Access-Control-Allow-Headers: DNT,X-CustomHeader,Keep-Alive,User-Agent,X-Requested-With,If-Modified-Since,Cache-Control,Content-Type
{"status":"success","message":"found","body":{"id":"681b1127b5c1704e019545cc","accountId":"5487987","chatInfoId":null,"description":"<p>Hello<br>How are you?<br>Would you please suggest me how to integrate instra</p>","descriptionText":null,"isDeleted":true,"subject":"Need help to Instra integration","assigneeId":8564078,"assignee":{"id":8564078,"accountId":"5487987","roleId":1,"role":{"id":1,"name":"Super Admin","description":"Reve Chat Super Administrator","default":true},"mailAddress":"hamid40057@gmail.com","mailServer":null,"designation":"XYZ","address":null,"phone":"8801770991829","additionalInfo":null,"onlineStatus":0,"lastLoginTime":1750659508693,"lastLogoutTime":1750659382770,"lastName":"Change","firstName":"Hamid","concurrentChat":5,"isPasswordChanged":0,"updatedTime":1682078868351,"isActive":true,"hasBotAccess":true,"hasBillingAccess":true,"userStatus":0,"isDeleted":false,"isOnboardingDone":1,"profilePictureURL":"5487987-21b81a27-0d80-4f9b-a433-408eb0c81afb.png","accCreatedTime":null,"departments":[{"id":1528,"name":"test","description":"","clOperatorCode":"5487987"}],"fromAD":false},"ticketStatusId":3,"ticketStatus":{"id":3,"accountId":"","agentStatusName":"IN PROGRESS","colorCode":"#6C69F9","category":"IN_PROGRESS","type":"DEFAULT","visitorStatusName":"IN PROGRESS","showVisitor":true,"notify":false,"notifyTo":["VISITOR"],"templateId":null,"template":null,"groupId":1,"sortNo":1,"isDefault":true,"created":1662612096576,"updated":1662612096576,"isDeleted":false},"ticketPriorityId":4,"ticketPriority":{"id":4,"priorityName":"LOW","colorCode":"#909FAC"},"statusCategory":"IN_PROGRESS","isSpammed":true,"attachments":[],"confirmationEmailStatus":"DELIVERED","creationSource":"MANUAL","visitorRecord":{"id":61347,"visitorId":57540,"sessionId":null,"ip":null,"platform":null,"browserName":null,"referral":null,"url":null,"visitCount":null,"viewsCount":null,"email":"hamidme101@gmail.com","phone":"","visitorOldName":null,"visitorNotes":null,"accountId":"5487987","preChatSurveyExtraFields":null,"postChatSurveyExtraFields":null,"deviceType":null,"visitorSource":null,"visitorName":"Abu Taposh","locationDto":{"countryCode":"-","country":"-","city":"-","latitude":"0.0","longitude":"0.0","region":"-"},"visitorMediaId":null,"channelType":null,"visitorUUID":null},"tagIds":[1216,1217],"creatorId":1721304727148,"creator":null,"formId":null,"formsDTO":null,"ticketUUID":"100072ca-7b1c-4aa6-8c9e-70de8d08313e","ticketId":"19","mailMsgId":"50daeb01-c486-4797-90fc-0c03c587aba2","isOverDue":false,"dueDate":1753984799999,"statusGroupId":1,"statusGroupDTO":{"id":1,"accountId":"","creator":{"id":8563843,"accountId":"4680608","roleId":1,"role":null,"mailAddress":"revechat.test.pervez@gmail.com","mailServer":null,"designation":"","address":null,"phone":"8801726407234","additionalInfo":null,"onlineStatus":0,"lastLoginTime":1748948264072,"lastLogoutTime":1747458435510,"lastName":"Islam Pervez","firstName":"Fokhrul","concurrentChat":3,"isPasswordChanged":0,"updatedTime":1678761828918,"isActive":true,"hasBotAccess":true,"hasBillingAccess":true,"userStatus":0,"isDeleted":false,"isOnboardingDone":1,"profilePictureURL":"4680608-5ec02d4d-a252-41d2-852d-7160158f5c30.png","password":null,"updatedPassword":null,"retypedUpdatedPassword":null,"sha1Password":null,"accCreatedTime":1678761828000,"departments":[],"departmentIds":[],"profileStatus":1,"fromAD":true},"title":"DEFAULT STATUS GROUP","description":"this is the default status group","departments":[],"status":true,"isDefault":true,"statusList":[{"id":1,"accountId":"","agentStatusName":"OPEN","colorCode":"#EE7D64","category":"OPEN","type":"DEFAULT","visitorStatusName":"OPEN","showVisitor":true,"notify":true,"notifyTo":["VISITOR"],"templateId":null,"template":null,"groupId":1,"sortNo":1,"isDefault":true,"created":1662612096576,"updated":1662612096576,"isDeleted":false},{"id":2,"accountId":"","agentStatusName":"SOLVED","colorCode":"#18A326","category":"SOLVED","type":"DEFAULT","visitorStatusName":"SOLVED","showVisitor":true,"notify":true,"notifyTo":["VISITOR"],"templateId":null,"template":null,"groupId":1,"sortNo":1,"isDefault":true,"created":1662612096576,"updated":1662612096576,"isDeleted":false},{"id":3,"accountId":"","agentStatusName":"IN PROGRESS","colorCode":"#6C69F9","category":"IN_PROGRESS","type":"DEFAULT","visitorStatusName":"IN PROGRESS","showVisitor":true,"notify":false,"notifyTo":["VISITOR"],"templateId":null,"template":null,"groupId":1,"sortNo":1,"isDefault":true,"created":1662612096576,"updated":1662612096576,"isDeleted":false}],"created":1673913600000,"updated":1673913600000},"visitorInfo":{"visitorId":57540,"visitorRecordId":61347,"visitorUUID":"c1ad8e4f-6d1c-4978-83a7-723a52c0f1f8","name":"Abu Taposh","email":"hamidme101@gmail.com","phone":"","visitorProfilePic":null,"ip":null,"platform":null,"browserName":null,"locationDto":{"countryCode":"-","country":"-","city":"-","latitude":"0.0","longitude":"0.0","region":"-"}},"attributes":{},"submittedFields":null,"systemAttributes":{},"customAttributes":{},"messageInfo":{},"resolvedById":null,"resolvedBy":null,"created":1721304727148,"updated":1750088454106,"submitTimestamp":1721304727148,"serialNo":0,"channel":null,"hasNewMsg":false,"previousId":"439","firstResponseTime":0,"initialResponseTime":0,"resolutionTime":0}}

13:23:03.985 [pool-2-thread-1] DEBUG com.intuit.karate - response time in milliseconds: 1040
1 < 200
1 < Server: nginx/1.20.1
1 < Date: Mon, 23 Jun 2025 07:23:04 GMT
1 < Content-Type: application/json;charset=UTF-8
1 < Transfer-Encoding: chunked
1 < Connection: keep-alive
1 < Vary: Origin
1 < Vary: Access-Control-Request-Method
1 < Vary: Access-Control-Request-Headers
1 < Set-Cookie: revechatLocaleCookie=en; Max-Age=31536000; Expires=Tue, 23-Jun-2026 07:23:04 GMT; Path=/; SameSite=None
1 < X-Content-Type-Options: nosniff
1 < X-XSS-Protection: 1; mode=block
1 < Cache-Control: no-cache, no-store, max-age=0, must-revalidate
1 < Pragma: no-cache
1 < Expires: 0
1 < Referrer-Policy: no-referrer
1 < Access-Control-Allow-Origin: *
1 < Access-Control-Allow-Credentials: true
1 < Access-Control-Allow-Methods: GET, POST, PUT, DELETE, OPTIONS
1 < Access-Control-Allow-Headers: DNT,X-CustomHeader,Keep-Alive,User-Agent,X-Requested-With,If-Modified-Since,Cache-Control,Content-Type
{"status":"success","message":"found","body":[{"id":13427,"accountId":"5487987","botUUId":"3600345a-c37b-4a9d-85cd-150e1d352f4a","botName":"Inital BOT","lastUpdate":1750222378131,"avatarName":"BOT-Avatar-101.png","enabledSocialChannels":["FACEBOOK","INSTAGRAM"],"sampleBot":0,"displayName":"Inital BOT","tagLine":null,"triggerEvent":{"event":{"name":"click","payload":{"time":null,"url":null,"isExactMatch":null}},"priority":{"option":2},"online":null,"offline":null},"isWebChannelEnabled":0,"isDraft":0,"fallbackSettings":{"default_message":"عذراً! ما زلتُ أتعلم :) هل يمكنك توضيح استفسارك أكثر؟\n","failed_to_answer":{"type":null,"message":null,"max_limit":"3","response_intent_id":-1,"survey_conf_time":null,"enabled":false},"repeat_query":{"type":null,"message":null,"max_limit":"3","response_intent_id":-1,"survey_conf_time":null,"enabled":false},"trigger_flow_on_chat_close":{"type":null,"message":null,"max_limit":null,"response_intent_id":-1,"survey_conf_time":null,"enabled":false},"offline_form":{"type":null,"message":null,"max_limit":null,"response_intent_id":-1,"survey_conf_time":null,"enabled":false},"online_form":{"type":null,"message":null,"max_limit":null,"response_intent_id":-1,"survey_conf_time":null,"enabled":false},"satisfaction_survey":{"type":"CLOSE_CHAT","message":"تم إغلاق الجلسة تلقائيًا بسبب عدم النشاط.\n","max_limit":null,"response_intent_id":-1,"survey_conf_time":"5","enabled":false},"sentiment":{"type":null,"message":null,"max_limit":null,"response_intent_id":-1,"survey_conf_time":null,"enabled":false},"authInfoDto":{"maxExpiryMinutes":3,"otpNode":-1,"authRequiredType":"ONCE","enabled":false}},"googleLogin":{"authCode":null,"email":null,"fullName":null,"refreshToken":null,"accessToken":null,"botId":null},"botAccuracyLevel":0.5,"greetingMessage":null,"languageMessage":"{\"message\":\"\",\"title\":\"\",\"code\":\"bn\"}","isDeleted":false,"metaInfo":null,"isBotEnabled":0,"webpageSettings":"{\"triggerFor\":\"all\",\"isTriggerByClickingBanner\":true,\"isTriggerBasedOnDuration\":false,\"triggerDuration\":0}","isMobileSdkChannelEnabled":null,"isKnowledgebaseConnected":0,"buildWith":"CUSTOM","startNodeId":586713,"positionX":-264.88,"positionY":-5.27,"languageCode":"ar","isUpdated":false,"version":1,"assignedDepartments":[]},{"id":13425,"accountId":"5487987","botUUId":"9195d502-93f3-4cc0-96e1-eeb520b09aed","botName":"Test for testing_copy_copy_copy","lastUpdate":1750157303117,"avatarName":"BOT-Avatar-101.png","enabledSocialChannels":["INSTAGRAM"],"sampleBot":0,"displayName":"Test for testing","tagLine":null,"triggerEvent":{"event":{"name":"click","payload":{"time":null,"url":null,"isExactMatch":null}},"priority":{"option":2},"online":null,"offline":null},"isWebChannelEnabled":0,"isDraft":0,"fallbackSettings":{"default_message":"Sorry! I am still learning :) Can you please be more specific to your query?","failed_to_answer":{"type":null,"message":null,"max_limit":"3","response_intent_id":null,"survey_conf_time":null,"enabled":false},"repeat_query":{"type":null,"message":null,"max_limit":"3","response_intent_id":null,"survey_conf_time":null,"enabled":false},"trigger_flow_on_chat_close":{"type":null,"message":null,"max_limit":null,"response_intent_id":584339,"survey_conf_time":null,"enabled":false},"offline_form":{"type":null,"message":null,"max_limit":null,"response_intent_id":null,"survey_conf_time":null,"enabled":false},"online_form":{"type":null,"message":null,"max_limit":null,"response_intent_id":null,"survey_conf_time":null,"enabled":false},"satisfaction_survey":{"type":"CLOSE_CHAT","message":"Session has been closed automatically due to inactivity.","max_limit":null,"response_intent_id":null,"survey_conf_time":"60","enabled":true},"sentiment":{"type":null,"message":null,"max_limit":null,"response_intent_id":null,"survey_conf_time":null,"enabled":false},"authInfoDto":{"maxExpiryMinutes":3,"otpNode":null,"authRequiredType":"ONCE","enabled":false}},"googleLogin":{"authCode":null,"email":null,"fullName":null,"refreshToken":null,"accessToken":null,"botId":null},"botAccuracyLevel":0.5,"greetingMessage":null,"languageMessage":"{\"message\":\"\",\"title\":\"\",\"code\":\"bn\"}","isDeleted":false,"metaInfo":null,"isBotEnabled":0,"webpageSettings":"{\"triggerFor\":\"all\",\"isTriggerByClickingBanner\":true,\"isTriggerBasedOnDuration\":false,\"triggerDuration\":0}","isMobileSdkChannelEnabled":1,"isKnowledgebaseConnected":0,"buildWith":"CUSTOM","startNodeId":586692,"positionX":-733.88,"positionY":2119.29,"languageCode":"en_GB","isUpdated":false,"version":4,"assignedDepartments":[]},{"id":13424,"accountId":"5487987","botUUId":"823658b7-7265-4ef7-98da-ef3464c5a5ff","botName":"Test Automation","lastUpdate":1750143601714,"avatarName":"BOT-Avatar-101.png","enabledSocialChannels":[],"sampleBot":0,"displayName":"Test Automation","tagLine":null,"triggerEvent":{"event":{"name":"click","payload":{"time":null,"url":null,"isExactMatch":null}},"priority":{"option":2},"online":null,"offline":null},"isWebChannelEnabled":0,"isDraft":0,"fallbackSettings":{"default_message":"Sorry! I am still learning :) Can you please be more specific to your query?","failed_to_answer":{"type":null,"message":null,"max_limit":"3","response_intent_id":-1,"survey_conf_time":null,"enabled":false},"repeat_query":{"type":null,"message":null,"max_limit":"3","response_intent_id":-1,"survey_conf_time":null,"enabled":false},"trigger_flow_on_chat_close":{"type":null,"message":null,"max_limit":null,"response_intent_id":-1,"survey_conf_time":null,"enabled":false},"offline_form":{"type":null,"message":null,"max_limit":null,"response_intent_id":-1,"survey_conf_time":null,"enabled":false},"online_form":{"type":null,"message":null,"max_limit":null,"response_intent_id":-1,"survey_conf_time":null,"enabled":false},"satisfaction_survey":{"type":"CLOSE_CHAT","message":"This chat session has been closed due to long period of unavailability.","max_limit":null,"response_intent_id":null,"survey_conf_time":"5","enabled":false},"sentiment":{"type":null,"message":null,"max_limit":null,"response_intent_id":-1,"survey_conf_time":null,"enabled":false},"authInfoDto":{"maxExpiryMinutes":null,"otpNode":-1,"authRequiredType":null,"enabled":false}},"googleLogin":{"authCode":null,"email":null,"fullName":null,"refreshToken":null,"accessToken":null,"botId":null},"botAccuracyLevel":0.5,"greetingMessage":null,"languageMessage":"{\"message\":\"\",\"title\":\"\",\"code\":\"bn\"}","isDeleted":false,"metaInfo":null,"isBotEnabled":0,"webpageSettings":"{\"triggerFor\":\"all\",\"isTriggerByClickingBanner\":true,\"isTriggerBasedOnDuration\":false,\"triggerDuration\":0}","isMobileSdkChannelEnabled":0,"isKnowledgebaseConnected":0,"buildWith":"GEN_AI","startNodeId":586602,"positionX":-187.31,"positionY":-7.32,"languageCode":"en","isUpdated":false,"version":0,"assignedDepartments":[]},{"id":13293,"accountId":"5487987","botUUId":"bf08c021-cdc7-4255-8d83-54c85b7208b2","botName":"Hamid-Test-3","lastUpdate":1745307017903,"avatarName":"BOT-Avatar-101.png","enabledSocialChannels":[],"sampleBot":0,"displayName":"Hamid-Test-3-d","tagLine":null,"triggerEvent":{"event":{"name":"click","payload":{"time":null,"url":null,"isExactMatch":null}},"priority":{"option":2},"online":null,"offline":null},"isWebChannelEnabled":0,"isDraft":1,"fallbackSettings":{"default_message":"Sorry! I am still learning :) Can you please be more specific to your query?","failed_to_answer":{"type":null,"message":null,"max_limit":"3","response_intent_id":-1,"survey_conf_time":null,"enabled":false},"repeat_query":{"type":null,"message":null,"max_limit":"3","response_intent_id":-1,"survey_conf_time":null,"enabled":false},"trigger_flow_on_chat_close":{"type":null,"message":null,"max_limit":null,"response_intent_id":-1,"survey_conf_time":null,"enabled":false},"offline_form":{"type":null,"message":null,"max_limit":null,"response_intent_id":-1,"survey_conf_time":null,"enabled":false},"online_form":{"type":null,"message":null,"max_limit":null,"response_intent_id":-1,"survey_conf_time":null,"enabled":false},"satisfaction_survey":{"type":"CLOSE_CHAT","message":"This chat session has been closed due to long period of unavailability.","max_limit":null,"response_intent_id":null,"survey_conf_time":"5","enabled":false},"sentiment":{"type":null,"message":null,"max_limit":null,"response_intent_id":-1,"survey_conf_time":null,"enabled":false},"authInfoDto":{"maxExpiryMinutes":null,"otpNode":-1,"authRequiredType":null,"enabled":false}},"googleLogin":{"authCode":null,"email":null,"fullName":null,"refreshToken":null,"accessToken":null,"botId":null},"botAccuracyLevel":0.5,"greetingMessage":null,"languageMessage":"{\"message\":\"\",\"title\":\"\",\"code\":\"bn\"}","isDeleted":false,"metaInfo":null,"isBotEnabled":0,"webpageSettings":"{\"triggerFor\":\"all\",\"isTriggerByClickingBanner\":true,\"isTriggerBasedOnDuration\":false,\"triggerDuration\":0}","isMobileSdkChannelEnabled":0,"isKnowledgebaseConnected":0,"buildWith":"CUSTOM","startNodeId":585909,"positionX":-660.55,"positionY":-73.38,"languageCode":"en","isUpdated":false,"version":0,"assignedDepartments":[]},{"id":13291,"accountId":"5487987","botUUId":"8cd5c1ee-606e-41db-a3bb-634d042842b2","botName":"Hamid-Test Name","lastUpdate":1750221100988,"avatarName":"BOT-Avatar-101.png","enabledSocialChannels":["WHATSAPP","INSTAGRAM","FACEBOOK"],"sampleBot":0,"displayName":"Hamid-Test Display","tagLine":null,"triggerEvent":{"event":{"name":"click","payload":{"time":null,"url":null,"isExactMatch":null}},"priority":{"option":2},"online":null,"offline":null},"isWebChannelEnabled":1,"isDraft":0,"fallbackSettings":{"default_message":"Sorry! I am still learning :) Can you please be more specific to your query?","failed_to_answer":{"type":null,"message":null,"max_limit":"3","response_intent_id":-1,"survey_conf_time":null,"enabled":false},"repeat_query":{"type":null,"message":null,"max_limit":"3","response_intent_id":-1,"survey_conf_time":null,"enabled":false},"trigger_flow_on_chat_close":{"type":null,"message":null,"max_limit":null,"response_intent_id":-1,"survey_conf_time":null,"enabled":false},"offline_form":{"type":null,"message":null,"max_limit":null,"response_intent_id":-1,"survey_conf_time":null,"enabled":false},"online_form":{"type":null,"message":null,"max_limit":null,"response_intent_id":-1,"survey_conf_time":null,"enabled":false},"satisfaction_survey":{"type":"CLOSE_CHAT","message":"This chat session has been closed due to long period of unavailability.","max_limit":null,"response_intent_id":null,"survey_conf_time":"5","enabled":false},"sentiment":{"type":null,"message":null,"max_limit":null,"response_intent_id":-1,"survey_conf_time":null,"enabled":false},"authInfoDto":{"maxExpiryMinutes":null,"otpNode":-1,"authRequiredType":null,"enabled":false}},"googleLogin":{"authCode":null,"email":null,"fullName":null,"refreshToken":null,"accessToken":null,"botId":null},"botAccuracyLevel":0.5,"greetingMessage":null,"languageMessage":"{\"message\":\"\",\"title\":\"\",\"code\":\"bn\"}","isDeleted":false,"metaInfo":null,"isBotEnabled":0,"webpageSettings":"{\"triggerFor\":\"all\",\"isTriggerByClickingBanner\":true,\"isTriggerBasedOnDuration\":false,\"triggerDuration\":0}","isMobileSdkChannelEnabled":0,"isKnowledgebaseConnected":0,"buildWith":"CUSTOM","startNodeId":585876,"positionX":-3858.64,"positionY":-306.27,"languageCode":"en","isUpdated":false,"version":0,"assignedDepartments":[]},{"id":13280,"accountId":"5487987","botUUId":"1e355efc-ee3e-4816-95dd-68972a9ba95a","botName":"llm-bot_copy","lastUpdate":1748852889629,"avatarName":"BOT-Avatar-101.png","enabledSocialChannels":["INSTAGRAM","VIBER"],"sampleBot":0,"displayName":"llm-bot","tagLine":"llm-bot","triggerEvent":{"event":{"name":"click","payload":{"time":null,"url":null,"isExactMatch":null}},"priority":{"option":2},"online":null,"offline":null},"isWebChannelEnabled":0,"isDraft":0,"fallbackSettings":{"default_message":"Sorry! I am still learning :) Can you please be more specific to your query?","failed_to_answer":{"type":null,"message":null,"max_limit":"3","response_intent_id":null,"survey_conf_time":null,"enabled":false},"repeat_query":{"type":null,"message":null,"max_limit":"3","response_intent_id":null,"survey_conf_time":null,"enabled":false},"trigger_flow_on_chat_close":{"type":null,"message":null,"max_limit":null,"response_intent_id":-1,"survey_conf_time":null,"enabled":false},"offline_form":{"type":null,"message":null,"max_limit":null,"response_intent_id":null,"survey_conf_time":null,"enabled":false},"online_form":{"type":null,"message":null,"max_limit":null,"response_intent_id":null,"survey_conf_time":null,"enabled":false},"satisfaction_survey":{"type":"CLOSE_CHAT","message":"This chat session has been closed due to long period of unavailability.","max_limit":null,"response_intent_id":null,"survey_conf_time":"5","enabled":false},"sentiment":{"type":null,"message":null,"max_limit":null,"response_intent_id":null,"survey_conf_time":null,"enabled":false},"authInfoDto":{"maxExpiryMinutes":null,"otpNode":null,"authRequiredType":null,"enabled":false}},"googleLogin":{"authCode":null,"email":null,"fullName":null,"refreshToken":null,"accessToken":null,"botId":null},"botAccuracyLevel":0.5,"greetingMessage":null,"languageMessage":"{\"message\":\"\",\"title\":\"\",\"code\":\"bn\"}","isDeleted":false,"metaInfo":null,"isBotEnabled":0,"webpageSettings":"{\"triggerFor\":\"all\",\"isTriggerByClickingBanner\":true,\"isTriggerBasedOnDuration\":false,\"triggerDuration\":0}","isMobileSdkChannelEnabled":0,"isKnowledgebaseConnected":1,"buildWith":"GEN_AI","startNodeId":585758,"positionX":47.32,"positionY":378.22,"languageCode":"en","isUpdated":false,"version":0,"assignedDepartments":[]},{"id":13268,"accountId":"5487987","botUUId":"8f541a18-0640-4cc6-8a51-4b675c858120","botName":"test-3","lastUpdate":1748852647306,"avatarName":"BOT-Avatar-101.png","enabledSocialChannels":[],"sampleBot":0,"displayName":"test-3","tagLine":null,"triggerEvent":{"event":{"name":"click","payload":{"time":null,"url":null,"isExactMatch":null}},"priority":{"option":2},"online":null,"offline":null},"isWebChannelEnabled":1,"isDraft":0,"fallbackSettings":{"default_message":"Sorry! I am still learning :) Can you please be more specific to your query?","failed_to_answer":{"type":null,"message":null,"max_limit":"3","response_intent_id":-1,"survey_conf_time":null,"enabled":false},"repeat_query":{"type":null,"message":null,"max_limit":"3","response_intent_id":-1,"survey_conf_time":null,"enabled":false},"trigger_flow_on_chat_close":{"type":null,"message":null,"max_limit":null,"response_intent_id":-1,"survey_conf_time":null,"enabled":false},"offline_form":{"type":null,"message":null,"max_limit":null,"response_intent_id":-1,"survey_conf_time":null,"enabled":false},"online_form":{"type":null,"message":null,"max_limit":null,"response_intent_id":-1,"survey_conf_time":null,"enabled":false},"satisfaction_survey":{"type":"CLOSE_CHAT","message":"This chat session has been closed due to long period of unavailability.","max_limit":null,"response_intent_id":null,"survey_conf_time":"5","enabled":false},"sentiment":{"type":null,"message":null,"max_limit":null,"response_intent_id":-1,"survey_conf_time":null,"enabled":false},"authInfoDto":{"maxExpiryMinutes":null,"otpNode":-1,"authRequiredType":null,"enabled":false}},"googleLogin":{"authCode":null,"email":null,"fullName":null,"refreshToken":null,"accessToken":null,"botId":null},"botAccuracyLevel":0.5,"greetingMessage":null,"languageMessage":"{\"message\":\"\",\"title\":\"\",\"code\":\"bn\"}","isDeleted":false,"metaInfo":null,"isBotEnabled":0,"webpageSettings":"{\"triggerFor\":\"all\",\"isTriggerByClickingBanner\":true,\"isTriggerBasedOnDuration\":false,\"triggerDuration\":0}","isMobileSdkChannelEnabled":0,"isKnowledgebaseConnected":1,"buildWith":"CUSTOM","startNodeId":585814,"positionX":-132.82,"positionY":-111.13,"languageCode":"en","isUpdated":false,"version":0,"assignedDepartments":[]},{"id":13265,"accountId":"5487987","botUUId":"7991f0d8-a6e1-4c7e-82eb-db974fb48a74","botName":"test-2","lastUpdate":1742096878996,"avatarName":"BOT-Avatar-101.png","enabledSocialChannels":[],"sampleBot":0,"displayName":"test-2","tagLine":null,"triggerEvent":{"event":{"name":"click","payload":{"time":null,"url":null,"isExactMatch":null}},"priority":{"option":2},"online":null,"offline":null},"isWebChannelEnabled":1,"isDraft":0,"fallbackSettings":{"default_message":"Sorry! I am still learning :) Can you please be more specific to your query?","failed_to_answer":{"type":null,"message":null,"max_limit":"3","response_intent_id":-1,"survey_conf_time":null,"enabled":false},"repeat_query":{"type":null,"message":null,"max_limit":"3","response_intent_id":-1,"survey_conf_time":null,"enabled":false},"trigger_flow_on_chat_close":{"type":null,"message":null,"max_limit":null,"response_intent_id":-1,"survey_conf_time":null,"enabled":false},"offline_form":{"type":null,"message":null,"max_limit":null,"response_intent_id":-1,"survey_conf_time":null,"enabled":false},"online_form":{"type":null,"message":null,"max_limit":null,"response_intent_id":-1,"survey_conf_time":null,"enabled":false},"satisfaction_survey":{"type":"CLOSE_CHAT","message":"Session has been closed automatically due to inactivity.","max_limit":null,"response_intent_id":-1,"survey_conf_time":"3660","enabled":true},"sentiment":{"type":null,"message":null,"max_limit":null,"response_intent_id":-1,"survey_conf_time":null,"enabled":false},"authInfoDto":{"maxExpiryMinutes":3,"otpNode":-1,"authRequiredType":"ONCE","enabled":false}},"googleLogin":{"authCode":null,"email":null,"fullName":null,"refreshToken":null,"accessToken":null,"botId":null},"botAccuracyLevel":0.5,"greetingMessage":null,"languageMessage":"{\"message\":\"\",\"title\":\"\",\"code\":\"bn\"}","isDeleted":false,"metaInfo":null,"isBotEnabled":0,"webpageSettings":"{\"triggerFor\":\"all\",\"isTriggerByClickingBanner\":true,\"isTriggerBasedOnDuration\":false,\"triggerDuration\":0}","isMobileSdkChannelEnabled":0,"isKnowledgebaseConnected":0,"buildWith":"CUSTOM","startNodeId":585638,"positionX":-597.82,"positionY":1185.49,"languageCode":"en","isUpdated":false,"version":2,"assignedDepartments":[]},{"id":13257,"accountId":"5487987","botUUId":"e794ea13-6d3e-4841-a777-ec0be359401b","botName":"llm-bot","lastUpdate":1742875094498,"avatarName":"BOT-Avatar-101.png","enabledSocialChannels":[],"sampleBot":0,"displayName":"llm-bot","tagLine":"llm-bot","triggerEvent":{"event":{"name":"click","payload":{"time":null,"url":null,"isExactMatch":null}},"priority":{"option":2},"online":null,"offline":null},"isWebChannelEnabled":0,"isDraft":1,"fallbackSettings":{"default_message":"Sorry! I am still learning :) Can you please be more specific to your query?","failed_to_answer":{"type":null,"message":null,"max_limit":"3","response_intent_id":-1,"survey_conf_time":null,"enabled":false},"repeat_query":{"type":null,"message":null,"max_limit":"3","response_intent_id":-1,"survey_conf_time":null,"enabled":false},"trigger_flow_on_chat_close":{"type":null,"message":null,"max_limit":null,"response_intent_id":-1,"survey_conf_time":null,"enabled":false},"offline_form":{"type":null,"message":null,"max_limit":null,"response_intent_id":-1,"survey_conf_time":null,"enabled":false},"online_form":{"type":null,"message":null,"max_limit":null,"response_intent_id":-1,"survey_conf_time":null,"enabled":false},"satisfaction_survey":{"type":"CLOSE_CHAT","message":"This chat session has been closed due to long period of unavailability.","max_limit":null,"response_intent_id":null,"survey_conf_time":"5","enabled":false},"sentiment":{"type":null,"message":null,"max_limit":null,"response_intent_id":-1,"survey_conf_time":null,"enabled":false},"authInfoDto":{"maxExpiryMinutes":null,"otpNode":-1,"authRequiredType":null,"enabled":false}},"googleLogin":{"authCode":null,"email":null,"fullName":null,"refreshToken":null,"accessToken":null,"botId":null},"botAccuracyLevel":0.5,"greetingMessage":null,"languageMessage":"{\"message\":\"\",\"title\":\"\",\"code\":\"bn\"}","isDeleted":false,"metaInfo":null,"isBotEnabled":0,"webpageSettings":"{\"triggerFor\":\"all\",\"isTriggerByClickingBanner\":true,\"isTriggerBasedOnDuration\":false,\"triggerDuration\":0}","isMobileSdkChannelEnabled":0,"isKnowledgebaseConnected":1,"buildWith":"GEN_AI","startNodeId":585545,"positionX":150.0,"positionY":116.0,"languageCode":"en","isUpdated":false,"version":0,"assignedDepartments":[]},{"id":13254,"accountId":"5487987","botUUId":"0dac9dad-b759-4c3d-a1b0-eb4ff4f822c5","botName":"Nazmul","lastUpdate":1739617128312,"avatarName":"BOT-Avatar-101.png","enabledSocialChannels":[],"sampleBot":0,"displayName":"Nazmul","tagLine":null,"triggerEvent":{"event":{"name":"click","payload":{"time":null,"url":null,"isExactMatch":null}},"priority":{"option":2},"online":null,"offline":null},"isWebChannelEnabled":1,"isDraft":0,"fallbackSettings":{"default_message":"Sorry! I am still learning :) Can you please be more specific to your query?","failed_to_answer":{"type":null,"message":null,"max_limit":"3","response_intent_id":-1,"survey_conf_time":null,"enabled":false},"repeat_query":{"type":null,"message":null,"max_limit":"3","response_intent_id":-1,"survey_conf_time":null,"enabled":false},"trigger_flow_on_chat_close":{"type":null,"message":null,"max_limit":null,"response_intent_id":-1,"survey_conf_time":null,"enabled":false},"offline_form":{"type":null,"message":null,"max_limit":null,"response_intent_id":-1,"survey_conf_time":null,"enabled":false},"online_form":{"type":null,"message":null,"max_limit":null,"response_intent_id":-1,"survey_conf_time":null,"enabled":false},"satisfaction_survey":{"type":"CLOSE_CHAT","message":"This chat session has been closed due to long period of unavailability.","max_limit":null,"response_intent_id":null,"survey_conf_time":"5","enabled":false},"sentiment":{"type":null,"message":null,"max_limit":null,"response_intent_id":-1,"survey_conf_time":null,"enabled":false},"authInfoDto":{"maxExpiryMinutes":null,"otpNode":-1,"authRequiredType":null,"enabled":false}},"googleLogin":{"authCode":null,"email":null,"fullName":null,"refreshToken":null,"accessToken":null,"botId":null},"botAccuracyLevel":0.5,"greetingMessage":null,"languageMessage":"{\"message\":\"\",\"title\":\"\",\"code\":\"bn\"}","isDeleted":false,"metaInfo":null,"isBotEnabled":0,"webpageSettings":"{\"triggerFor\":\"all\",\"isTriggerByClickingBanner\":true,\"isTriggerBasedOnDuration\":false,\"triggerDuration\":0}","isMobileSdkChannelEnabled":0,"isKnowledgebaseConnected":0,"buildWith":"CUSTOM","startNodeId":585505,"positionX":204.46,"positionY":136.91,"languageCode":"en_US","isUpdated":false,"version":0,"assignedDepartments":[]},{"id":13224,"accountId":"5487987","botUUId":"9d7f80cc-ada1-4b55-8cd4-94a0611df6a8","botName":"Test for testing_copy_copy","lastUpdate":1750570530892,"avatarName":"BOT-Avatar-101.png","enabledSocialChannels":[],"sampleBot":0,"displayName":"Test for testing","tagLine":null,"triggerEvent":{"event":{"name":"click","payload":{"time":null,"url":null,"isExactMatch":null}},"priority":{"option":2},"online":null,"offline":null},"isWebChannelEnabled":0,"isDraft":1,"fallbackSettings":{"default_message":"Sorry! I am still learning :) Can you please be more specific to your query?","failed_to_answer":{"type":null,"message":null,"max_limit":"3","response_intent_id":-1,"survey_conf_time":null,"enabled":false},"repeat_query":{"type":null,"message":null,"max_limit":"3","response_intent_id":-1,"survey_conf_time":null,"enabled":false},"trigger_flow_on_chat_close":{"type":null,"message":null,"max_limit":null,"response_intent_id":584339,"survey_conf_time":null,"enabled":false},"offline_form":{"type":null,"message":null,"max_limit":null,"response_intent_id":-1,"survey_conf_time":null,"enabled":false},"online_form":{"type":null,"message":null,"max_limit":null,"response_intent_id":-1,"survey_conf_time":null,"enabled":false},"satisfaction_survey":{"type":"CLOSE_CHAT","message":"Session has been closed automatically due to inactivity.","max_limit":null,"response_intent_id":-1,"survey_conf_time":"60","enabled":true},"sentiment":{"type":null,"message":null,"max_limit":null,"response_intent_id":-1,"survey_conf_time":null,"enabled":false},"authInfoDto":{"maxExpiryMinutes":3,"otpNode":-1,"authRequiredType":"ONCE","enabled":false}},"googleLogin":{"authCode":null,"email":null,"fullName":null,"refreshToken":null,"accessToken":null,"botId":null},"botAccuracyLevel":0.5,"greetingMessage":null,"languageMessage":"{\"message\":\"\",\"title\":\"\",\"code\":\"bn\"}","isDeleted":false,"metaInfo":null,"isBotEnabled":0,"webpageSettings":"{\"triggerFor\":\"all\",\"isTriggerByClickingBanner\":true,\"isTriggerBasedOnDuration\":false,\"triggerDuration\":0}","isMobileSdkChannelEnabled":0,"isKnowledgebaseConnected":0,"buildWith":"CUSTOM","startNodeId":585516,"positionX":-733.88,"positionY":2119.29,"languageCode":"en_GB","isUpdated":false,"version":4,"assignedDepartments":[]},{"id":13168,"accountId":"5487987","botUUId":"5a615257-4396-499c-b6f0-b8d08eefbcec","botName":"Test for testing","lastUpdate":1750573275257,"avatarName":"BOT-Avatar-101.png","enabledSocialChannels":["WHATSAPP","FACEBOOK"],"sampleBot":0,"displayName":"Test for testing","tagLine":null,"triggerEvent":{"event":{"name":"click","payload":{"time":null,"url":null,"isExactMatch":null}},"priority":{"option":2},"online":null,"offline":null},"isWebChannelEnabled":0,"isDraft":0,"fallbackSettings":{"default_message":"Sorry! I am still learning :) Can you please be more specific to your query?","failed_to_answer":{"type":null,"message":null,"max_limit":"3","response_intent_id":-1,"survey_conf_time":null,"enabled":false},"repeat_query":{"type":null,"message":null,"max_limit":"3","response_intent_id":-1,"survey_conf_time":null,"enabled":false},"trigger_flow_on_chat_close":{"type":null,"message":null,"max_limit":null,"response_intent_id":-1,"survey_conf_time":null,"enabled":false},"offline_form":{"type":null,"message":null,"max_limit":null,"response_intent_id":-1,"survey_conf_time":null,"enabled":false},"online_form":{"type":null,"message":null,"max_limit":null,"response_intent_id":-1,"survey_conf_time":null,"enabled":false},"satisfaction_survey":{"type":"CLOSE_CHAT","message":"Session has been closed automatically due to inactivity.","max_limit":null,"response_intent_id":-1,"survey_conf_time":"125","enabled":true},"sentiment":{"type":null,"message":null,"max_limit":null,"response_intent_id":-1,"survey_conf_time":null,"enabled":false},"authInfoDto":{"maxExpiryMinutes":3,"otpNode":-1,"authRequiredType":"ONCE","enabled":false}},"googleLogin":{"authCode":null,"email":null,"fullName":null,"refreshToken":null,"accessToken":null,"botId":null},"botAccuracyLevel":0.5,"greetingMessage":null,"languageMessage":"{\"message\":\"\",\"title\":\"\",\"code\":\"bn\"}","isDeleted":false,"metaInfo":null,"isBotEnabled":0,"webpageSettings":"{\"triggerFor\":\"all\",\"isTriggerByClickingBanner\":true,\"isTriggerBasedOnDuration\":false,\"triggerDuration\":0}","isMobileSdkChannelEnabled":0,"isKnowledgebaseConnected":1,"buildWith":"CUSTOM","startNodeId":583010,"positionX":0.0,"positionY":2233.0,"languageCode":"en_GB","isUpdated":false,"version":1,"assignedDepartments":[]},{"id":13161,"accountId":"5487987","botUUId":"07d92b49-c506-4018-9421-40800aca91f9","botName":"Nazmul Hossain","lastUpdate":1737089865713,"avatarName":"BOT-Avatar-101.png","enabledSocialChannels":[],"sampleBot":0,"displayName":"Nazmul","tagLine":"asdf","triggerEvent":{"event":{"name":"click","payload":{"time":null,"url":null,"isExactMatch":null}},"priority":{"option":2},"online":null,"offline":null},"isWebChannelEnabled":0,"isDraft":1,"fallbackSettings":{"default_message":"Sorry! I am still learning :) Can you please be more specific to your query?","failed_to_answer":{"type":null,"message":null,"max_limit":"3","response_intent_id":-1,"survey_conf_time":null,"enabled":false},"repeat_query":{"type":null,"message":null,"max_limit":"3","response_intent_id":-1,"survey_conf_time":null,"enabled":false},"trigger_flow_on_chat_close":null,"offline_form":{"type":null,"message":null,"max_limit":null,"response_intent_id":-1,"survey_conf_time":null,"enabled":false},"online_form":{"type":null,"message":null,"max_limit":null,"response_intent_id":-1,"survey_conf_time":null,"enabled":false},"satisfaction_survey":{"type":"CLOSE_CHAT","message":"This chat session has been closed due to long period of unavailability.","max_limit":null,"response_intent_id":null,"survey_conf_time":"5","enabled":false},"sentiment":{"type":null,"message":null,"max_limit":null,"response_intent_id":-1,"survey_conf_time":null,"enabled":false},"authInfoDto":{"maxExpiryMinutes":null,"otpNode":-1,"authRequiredType":null,"enabled":false}},"googleLogin":{"authCode":null,"email":null,"fullName":null,"refreshToken":null,"accessToken":null,"botId":null},"botAccuracyLevel":0.5,"greetingMessage":null,"languageMessage":"{\"message\":\"\",\"title\":\"\",\"code\":\"bn\"}","isDeleted":false,"metaInfo":null,"isBotEnabled":0,"webpageSettings":"{\"triggerFor\":\"all\",\"isTriggerByClickingBanner\":true,\"isTriggerBasedOnDuration\":false,\"triggerDuration\":0}","isMobileSdkChannelEnabled":0,"isKnowledgebaseConnected":0,"buildWith":"CUSTOM","startNodeId":null,"positionX":311.0,"positionY":443.0,"languageCode":"en","isUpdated":false,"version":0,"assignedDepartments":[]},{"id":13132,"accountId":"5487987","botUUId":"0bc10586-5184-46ac-9a1f-5344e2ec8405","botName":"test-2","lastUpdate":1736223004787,"avatarName":"BOT-Avatar-101.png","enabledSocialChannels":["WHATSAPP"],"sampleBot":0,"displayName":"test-2","tagLine":null,"triggerEvent":{"event":{"name":"click","payload":{"time":null,"url":null,"isExactMatch":null}},"priority":{"option":2},"online":null,"offline":null},"isWebChannelEnabled":1,"isDraft":1,"fallbackSettings":{"default_message":"Sorry! I am still learning :) Can you please be more specific to your query?","failed_to_answer":{"type":null,"message":null,"max_limit":"3","response_intent_id":-1,"survey_conf_time":null,"enabled":false},"repeat_query":{"type":null,"message":null,"max_limit":"3","response_intent_id":-1,"survey_conf_time":null,"enabled":false},"trigger_flow_on_chat_close":null,"offline_form":{"type":null,"message":null,"max_limit":null,"response_intent_id":-1,"survey_conf_time":null,"enabled":false},"online_form":{"type":null,"message":null,"max_limit":null,"response_intent_id":-1,"survey_conf_time":null,"enabled":false},"satisfaction_survey":{"type":"CLOSE_CHAT","message":"Session has been closed automatically due to inactivity.","max_limit":null,"response_intent_id":-1,"survey_conf_time":"60","enabled":false},"sentiment":{"type":null,"message":null,"max_limit":null,"response_intent_id":-1,"survey_conf_time":null,"enabled":false},"authInfoDto":{"maxExpiryMinutes":3,"otpNode":-1,"authRequiredType":"ONCE","enabled":false}},"googleLogin":{"authCode":null,"email":null,"fullName":null,"refreshToken":null,"accessToken":null,"botId":null},"botAccuracyLevel":0.5,"greetingMessage":null,"languageMessage":"{\"message\":\"\",\"title\":\"\",\"code\":\"bn\"}","isDeleted":false,"metaInfo":null,"isBotEnabled":0,"webpageSettings":"{\"triggerFor\":\"all\",\"isTriggerByClickingBanner\":true,\"isTriggerBasedOnDuration\":false,\"triggerDuration\":0}","isMobileSdkChannelEnabled":0,"isKnowledgebaseConnected":1,"buildWith":"CUSTOM","startNodeId":582079,"positionX":-223.52,"positionY":30.34,"languageCode":"en","isUpdated":false,"version":2,"assignedDepartments":[]},{"id":13054,"accountId":"5487987","botUUId":"640c2257-8575-49db-854f-612d8fe8ea69","botName":"Nazmul-Bot","lastUpdate":1731402303659,"avatarName":"BOT-Avatar-101.png","enabledSocialChannels":["WHATSAPP"],"sampleBot":0,"displayName":"Nazmul ReveBot","tagLine":"","triggerEvent":{"event":{"name":"click","payload":{"time":null,"url":null,"isExactMatch":null}},"priority":{"option":2},"online":null,"offline":null},"isWebChannelEnabled":0,"isDraft":0,"fallbackSettings":{"default_message":"Sorry! I am still learning :) Can you please be more specific to your query?","failed_to_answer":{"type":null,"message":null,"max_limit":"2","response_intent_id":null,"survey_conf_time":null,"enabled":true},"repeat_query":{"type":null,"message":null,"max_limit":"3","response_intent_id":null,"survey_conf_time":null,"enabled":false},"trigger_flow_on_chat_close":null,"offline_form":{"type":null,"message":null,"max_limit":null,"response_intent_id":null,"survey_conf_time":null,"enabled":false},"online_form":{"type":null,"message":null,"max_limit":null,"response_intent_id":null,"survey_conf_time":null,"enabled":false},"satisfaction_survey":{"type":"CLOSE_CHAT","message":"Session has been closed automatically due to inactivity.","max_limit":null,"response_intent_id":null,"survey_conf_time":"65","enabled":true},"sentiment":{"type":null,"message":null,"max_limit":null,"response_intent_id":null,"survey_conf_time":null,"enabled":false},"authInfoDto":{"maxExpiryMinutes":3,"otpNode":null,"authRequiredType":"ONCE","enabled":false}},"googleLogin":{"authCode":null,"email":null,"fullName":null,"refreshToken":null,"accessToken":null,"botId":null},"botAccuracyLevel":0.5,"greetingMessage":null,"languageMessage":"{\"message\":\"\",\"title\":\"\",\"code\":\"bn\"}","isDeleted":false,"metaInfo":null,"isBotEnabled":0,"webpageSettings":"{\"triggerFor\":\"all\",\"isTriggerByClickingBanner\":true,\"isTriggerBasedOnDuration\":false,\"triggerDuration\":0}","isMobileSdkChannelEnabled":0,"isKnowledgebaseConnected":0,"buildWith":"CUSTOM","startNodeId":581407,"positionX":0.0,"positionY":139.5,"languageCode":"en","isUpdated":false,"version":0,"assignedDepartments":[1488]},{"id":12962,"accountId":"5487987","botUUId":"284f06f6-7c3e-4f7a-b096-9ede139b410b","botName":"Social Channel BOT","lastUpdate":1729741019159,"avatarName":"BOT-Avatar-101.png","enabledSocialChannels":["WHATSAPP"],"sampleBot":0,"displayName":"Media Specialist","tagLine":"","triggerEvent":{"event":{"name":"click","payload":{"time":null,"url":null,"isExactMatch":null}},"priority":{"option":2},"online":null,"offline":null},"isWebChannelEnabled":0,"isDraft":0,"fallbackSettings":{"default_message":"Sorry! I am still learning :) Can you please be more specific to your query?","failed_to_answer":{"type":null,"message":null,"max_limit":"3","response_intent_id":-1,"survey_conf_time":null,"enabled":false},"repeat_query":{"type":null,"message":null,"max_limit":"3","response_intent_id":-1,"survey_conf_time":null,"enabled":false},"trigger_flow_on_chat_close":null,"offline_form":{"type":null,"message":null,"max_limit":null,"response_intent_id":-1,"survey_conf_time":null,"enabled":false},"online_form":{"type":null,"message":null,"max_limit":null,"response_intent_id":-1,"survey_conf_time":null,"enabled":false},"satisfaction_survey":{"type":"CLOSE_CHAT","message":"This chat session has been closed due to long period of unavailability.","max_limit":null,"response_intent_id":null,"survey_conf_time":"5","enabled":false},"sentiment":{"type":null,"message":null,"max_limit":null,"response_intent_id":-1,"survey_conf_time":null,"enabled":false},"authInfoDto":{"maxExpiryMinutes":null,"otpNode":-1,"authRequiredType":null,"enabled":false}},"googleLogin":{"authCode":null,"email":null,"fullName":null,"refreshToken":null,"accessToken":null,"botId":null},"botAccuracyLevel":0.5,"greetingMessage":null,"languageMessage":"{\"message\":\"\",\"title\":\"\",\"code\":\"bn\"}","isDeleted":false,"metaInfo":null,"isBotEnabled":0,"webpageSettings":"{\"triggerFor\":\"all\",\"isTriggerByClickingBanner\":true,\"isTriggerBasedOnDuration\":false,\"triggerDuration\":0}","isMobileSdkChannelEnabled":0,"isKnowledgebaseConnected":0,"buildWith":"CUSTOM","startNodeId":580335,"positionX":-538.46,"positionY":-153.99,"languageCode":"en_GB","isUpdated":false,"version":0,"assignedDepartments":[1450]},{"id":12888,"accountId":"5487987","botUUId":"89df3a4e-56b6-4d25-9c16-753b58f89fc7","botName":"Flow Test","lastUpdate":1730173924403,"avatarName":"BOT-Avatar-101.png","enabledSocialChannels":["WHATSAPP"],"sampleBot":0,"displayName":"testing flow","tagLine":null,"triggerEvent":{"event":{"name":"click","payload":{"time":null,"url":null,"isExactMatch":null}},"priority":{"option":2},"online":null,"offline":null},"isWebChannelEnabled":1,"isDraft":1,"fallbackSettings":{"default_message":"Sorry! I am still learning :) Can you please be more specific to your query?","failed_to_answer":{"type":null,"message":null,"max_limit":"3","response_intent_id":-1,"survey_conf_time":null,"enabled":false},"repeat_query":{"type":null,"message":null,"max_limit":"3","response_intent_id":-1,"survey_conf_time":null,"enabled":false},"trigger_flow_on_chat_close":null,"offline_form":{"type":null,"message":null,"max_limit":null,"response_intent_id":-1,"survey_conf_time":null,"enabled":false},"online_form":{"type":null,"message":null,"max_limit":null,"response_intent_id":-1,"survey_conf_time":null,"enabled":false},"satisfaction_survey":{"type":"CLOSE_CHAT","message":"This chat session has been closed due to long period of unavailability.","max_limit":null,"response_intent_id":null,"survey_conf_time":"5","enabled":false},"sentiment":{"type":null,"message":null,"max_limit":null,"response_intent_id":-1,"survey_conf_time":null,"enabled":false},"authInfoDto":{"maxExpiryMinutes":null,"otpNode":-1,"authRequiredType":null,"enabled":false}},"googleLogin":{"authCode":null,"email":null,"fullName":null,"refreshToken":null,"accessToken":null,"botId":null},"botAccuracyLevel":0.5,"greetingMessage":null,"languageMessage":"{\"message\":\"\",\"title\":\"\",\"code\":\"bn\"}","isDeleted":false,"metaInfo":null,"isBotEnabled":0,"webpageSettings":"{\"triggerFor\":\"all\",\"isTriggerByClickingBanner\":true,\"isTriggerBasedOnDuration\":false,\"triggerDuration\":0}","isMobileSdkChannelEnabled":0,"isKnowledgebaseConnected":0,"buildWith":"CUSTOM","startNodeId":579836,"positionX":-227.5,"positionY":-85.0,"languageCode":"en","isUpdated":false,"version":0,"assignedDepartments":[]},{"id":12834,"accountId":"5487987","botUUId":"e2093eb5-61d8-455c-8f5b-cf7121b39eab","botName":"Hamid_Bhai_Bot_Builder","lastUpdate":1727762679814,"avatarName":"BOT-Avatar-101.png","enabledSocialChannels":[],"sampleBot":0,"displayName":"Hamid_Bhai_Bot_Builder","tagLine":"QA","triggerEvent":{"event":{"name":"click","payload":{"time":null,"url":null,"isExactMatch":null}},"priority":{"option":2},"online":null,"offline":null},"isWebChannelEnabled":1,"isDraft":1,"fallbackSettings":{"default_message":"Sorry! I am still learning :) Can you please be more specific to your query?","failed_to_answer":{"type":null,"message":null,"max_limit":"3","response_intent_id":-1,"survey_conf_time":null,"enabled":false},"repeat_query":{"type":null,"message":null,"max_limit":"3","response_intent_id":-1,"survey_conf_time":null,"enabled":false},"trigger_flow_on_chat_close":null,"offline_form":{"type":null,"message":null,"max_limit":null,"response_intent_id":-1,"survey_conf_time":null,"enabled":false},"online_form":{"type":null,"message":null,"max_limit":null,"response_intent_id":-1,"survey_conf_time":null,"enabled":false},"satisfaction_survey":{"type":"CLOSE_CHAT","message":"This chat session has been closed due to long period of unavailability.","max_limit":null,"response_intent_id":null,"survey_conf_time":"5","enabled":false},"sentiment":{"type":null,"message":null,"max_limit":null,"response_intent_id":-1,"survey_conf_time":null,"enabled":false},"authInfoDto":{"maxExpiryMinutes":null,"otpNode":-1,"authRequiredType":null,"enabled":false}},"googleLogin":{"authCode":null,"email":null,"fullName":null,"refreshToken":null,"accessToken":null,"botId":null},"botAccuracyLevel":0.5,"greetingMessage":null,"languageMessage":"{\"message\":\"\",\"title\":\"\",\"code\":\"bn\"}","isDeleted":false,"metaInfo":null,"isBotEnabled":0,"webpageSettings":"{\"triggerFor\":\"all\",\"isTriggerByClickingBanner\":true,\"isTriggerBasedOnDuration\":false,\"triggerDuration\":0}","isMobileSdkChannelEnabled":0,"isKnowledgebaseConnected":0,"buildWith":"CUSTOM","startNodeId":578265,"positionX":-337.13,"positionY":-50.46,"languageCode":"en","isUpdated":false,"version":0,"assignedDepartments":[1500]},{"id":12826,"accountId":"5487987","botUUId":"c0c85d1d-9bdc-4971-883f-f0ee4592c385","botName":"cvb_copy_copy","lastUpdate":1727680320620,"avatarName":"BOT-Avatar-101.png","enabledSocialChannels":[],"sampleBot":0,"displayName":"zcxdfcbgvb","tagLine":null,"triggerEvent":{"event":{"name":"click","payload":{"time":null,"url":null,"isExactMatch":null}},"priority":{"option":2},"online":null,"offline":null},"isWebChannelEnabled":1,"isDraft":1,"fallbackSettings":{"default_message":"Sorry! I am still learning :) Can you please be more specific to your query?","failed_to_answer":{"type":null,"message":null,"max_limit":"3","response_intent_id":null,"survey_conf_time":null,"enabled":false},"repeat_query":{"type":null,"message":null,"max_limit":"3","response_intent_id":null,"survey_conf_time":null,"enabled":false},"trigger_flow_on_chat_close":null,"offline_form":{"type":null,"message":null,"max_limit":null,"response_intent_id":null,"survey_conf_time":null,"enabled":false},"online_form":{"type":null,"message":null,"max_limit":null,"response_intent_id":null,"survey_conf_time":null,"enabled":false},"satisfaction_survey":{"type":"CLOSE_CHAT","message":"This chat session has been closed due to long period of unavailability.","max_limit":null,"response_intent_id":null,"survey_conf_time":"5","enabled":false},"sentiment":{"type":null,"message":null,"max_limit":null,"response_intent_id":null,"survey_conf_time":null,"enabled":false},"authInfoDto":{"maxExpiryMinutes":null,"otpNode":null,"authRequiredType":null,"enabled":false}},"googleLogin":{"authCode":null,"email":null,"fullName":null,"refreshToken":null,"accessToken":null,"botId":null},"botAccuracyLevel":0.5,"greetingMessage":null,"languageMessage":"{\"message\":\"\",\"title\":\"\",\"code\":\"bn\"}","isDeleted":false,"metaInfo":null,"isBotEnabled":0,"webpageSettings":"{\"triggerFor\":\"all\",\"isTriggerByClickingBanner\":true,\"isTriggerBasedOnDuration\":false,\"triggerDuration\":0}","isMobileSdkChannelEnabled":0,"isKnowledgebaseConnected":1,"buildWith":"CUSTOM","startNodeId":578122,"positionX":0.0,"positionY":1129.0,"languageCode":"en","isUpdated":false,"version":0,"assignedDepartments":[]},{"id":12821,"accountId":"5487987","botUUId":"9d87dbe7-4b6d-41ad-b722-ad520857ad86","botName":"Food Order Collection_copy","lastUpdate":1727605034802,"avatarName":"pizza.png","enabledSocialChannels":[],"sampleBot":0,"displayName":"Reve Kitchen","tagLine":"Bon Appétit!","triggerEvent":{"event":{"name":"click","payload":{"time":null,"url":null,"isExactMatch":null}},"priority":{"option":2},"online":null,"offline":null},"isWebChannelEnabled":1,"isDraft":1,"fallbackSettings":{"default_message":"Sorry! I am still learning :) Can you please be more specific to your query?","failed_to_answer":{"type":null,"message":null,"max_limit":"3","response_intent_id":null,"survey_conf_time":null,"enabled":false},"repeat_query":{"type":null,"message":null,"max_limit":"3","response_intent_id":null,"survey_conf_time":null,"enabled":false},"trigger_flow_on_chat_close":null,"offline_form":{"type":null,"message":null,"max_limit":null,"response_intent_id":null,"survey_conf_time":null,"enabled":false},"online_form":{"type":null,"message":null,"max_limit":null,"response_intent_id":null,"survey_conf_time":null,"enabled":false},"satisfaction_survey":{"type":"CLOSE_CHAT","message":"This chat session has been closed due to long period of unavailability.","max_limit":null,"response_intent_id":null,"survey_conf_time":"5","enabled":false},"sentiment":{"type":null,"message":null,"max_limit":null,"response_intent_id":null,"survey_conf_time":null,"enabled":false},"authInfoDto":{"maxExpiryMinutes":null,"otpNode":null,"authRequiredType":null,"enabled":false}},"googleLogin":{"authCode":null,"email":null,"fullName":null,"refreshToken":null,"accessToken":null,"botId":null},"botAccuracyLevel":0.5,"greetingMessage":null,"languageMessage":"{\"title\":\"\"}","isDeleted":false,"metaInfo":null,"isBotEnabled":0,"webpageSettings":"{\"triggerFor\":\"all\",\"isTriggerByClickingBanner\":true,\"isTriggerBasedOnDuration\":false,\"triggerDuration\":0}","isMobileSdkChannelEnabled":0,"isKnowledgebaseConnected":0,"buildWith":"CUSTOM","startNodeId":578035,"positionX":null,"positionY":null,"languageCode":"en","isUpdated":false,"version":0,"assignedDepartments":[1450]},{"id":12813,"accountId":"5487987","botUUId":"40c73a99-f2db-4103-80d7-9bde706887fa","botName":"cvb_copy","lastUpdate":1727666927102,"avatarName":"BOT-Avatar-101.png","enabledSocialChannels":[],"sampleBot":0,"displayName":"zcxdfcbgvb","tagLine":"","triggerEvent":{"event":{"name":"click","payload":{"time":null,"url":null,"isExactMatch":null}},"priority":{"option":2},"online":null,"offline":null},"isWebChannelEnabled":0,"isDraft":1,"fallbackSettings":{"default_message":"Sorry! I am still learning :) Can you please be more specific to your query?","failed_to_answer":{"type":null,"message":null,"max_limit":"3","response_intent_id":null,"survey_conf_time":null,"enabled":false},"repeat_query":{"type":null,"message":null,"max_limit":"3","response_intent_id":null,"survey_conf_time":null,"enabled":false},"trigger_flow_on_chat_close":null,"offline_form":{"type":null,"message":null,"max_limit":null,"response_intent_id":null,"survey_conf_time":null,"enabled":false},"online_form":{"type":null,"message":null,"max_limit":null,"response_intent_id":null,"survey_conf_time":null,"enabled":false},"satisfaction_survey":{"type":"CLOSE_CHAT","message":"This chat session has been closed due to long period of unavailability.","max_limit":null,"response_intent_id":null,"survey_conf_time":"5","enabled":false},"sentiment":{"type":null,"message":null,"max_limit":null,"response_intent_id":null,"survey_conf_time":null,"enabled":false},"authInfoDto":{"maxExpiryMinutes":null,"otpNode":null,"authRequiredType":null,"enabled":false}},"googleLogin":{"authCode":null,"email":null,"fullName":null,"refreshToken":null,"accessToken":null,"botId":null},"botAccuracyLevel":0.5,"greetingMessage":null,"languageMessage":"{\"message\":\"\",\"title\":\"\",\"code\":\"bn\"}","isDeleted":false,"metaInfo":null,"isBotEnabled":0,"webpageSettings":"{\"triggerFor\":\"all\",\"isTriggerByClickingBanner\":true,\"isTriggerBasedOnDuration\":false,\"triggerDuration\":0}","isMobileSdkChannelEnabled":0,"isKnowledgebaseConnected":1,"buildWith":"CUSTOM","startNodeId":577841,"positionX":0.0,"positionY":1170.25,"languageCode":"en","isUpdated":false,"version":0,"assignedDepartments":[1450]},{"id":12734,"accountId":"5487987","botUUId":"58348d11-127b-476e-be6a-09d9b09cae5b","botName":"Pricing Bot","lastUpdate":1728460232124,"avatarName":"BOT-Avatar-103.png","enabledSocialChannels":["WHATSAPP"],"sampleBot":0,"displayName":"REVE Pricing Bot","tagLine":"Virtual Assistant","triggerEvent":{"event":{"name":"click","payload":{"time":null,"url":null,"isExactMatch":null}},"priority":{"option":2},"online":null,"offline":null},"isWebChannelEnabled":1,"isDraft":0,"fallbackSettings":{"default_message":"Sorry! I am still learning :) Can you please be more specific to your query?","failed_to_answer":{"type":null,"message":null,"max_limit":"3","response_intent_id":-1,"survey_conf_time":null,"enabled":false},"repeat_query":{"type":null,"message":null,"max_limit":"3","response_intent_id":-1,"survey_conf_time":null,"enabled":false},"trigger_flow_on_chat_close":null,"offline_form":{"type":null,"message":null,"max_limit":null,"response_intent_id":-1,"survey_conf_time":null,"enabled":false},"online_form":{"type":null,"message":null,"max_limit":null,"response_intent_id":-1,"survey_conf_time":null,"enabled":false},"satisfaction_survey":{"type":"CLOSE_CHAT","message":"This chat session has been closed due to long period of unavailability.","max_limit":null,"response_intent_id":null,"survey_conf_time":"5","enabled":false},"sentiment":{"type":null,"message":null,"max_limit":null,"response_intent_id":-1,"survey_conf_time":null,"enabled":false},"authInfoDto":{"maxExpiryMinutes":null,"otpNode":-1,"authRequiredType":null,"enabled":false}},"googleLogin":{"authCode":null,"email":null,"fullName":null,"refreshToken":null,"accessToken":null,"botId":null},"botAccuracyLevel":0.5,"greetingMessage":null,"languageMessage":"{\"title\":\"\"}","isDeleted":false,"metaInfo":null,"isBotEnabled":0,"webpageSettings":"{\"triggerFor\":\"all\",\"isTriggerByClickingBanner\":true,\"isTriggerBasedOnDuration\":false,\"triggerDuration\":0}","isMobileSdkChannelEnabled":0,"isKnowledgebaseConnected":1,"buildWith":"CUSTOM","startNodeId":576678,"positionX":20.0,"positionY":20.0,"languageCode":"en","isUpdated":false,"version":0,"assignedDepartments":[]},{"id":9561,"accountId":"5487987","botUUId":"0b3930ad-bd70-4936-ad4d-bb023bf0cb04","botName":"Student","lastUpdate":1726043812279,"avatarName":"BOT-Avatar-101.png","enabledSocialChannels":[],"sampleBot":0,"displayName":"Student BOT","tagLine":"Manager","triggerEvent":{"event":{"name":"click","payload":{"time":null,"url":null,"isExactMatch":null}},"priority":{"option":2},"online":null,"offline":null},"isWebChannelEnabled":1,"isDraft":1,"fallbackSettings":{"default_message":"Sorry! I am still learning :) Can you please be more specific to your query?","failed_to_answer":{"type":null,"message":null,"max_limit":"3","response_intent_id":-1,"survey_conf_time":null,"enabled":false},"repeat_query":{"type":null,"message":null,"max_limit":"3","response_intent_id":-1,"survey_conf_time":null,"enabled":false},"trigger_flow_on_chat_close":null,"offline_form":{"type":null,"message":null,"max_limit":null,"response_intent_id":-1,"survey_conf_time":null,"enabled":false},"online_form":{"type":null,"message":null,"max_limit":null,"response_intent_id":-1,"survey_conf_time":null,"enabled":false},"satisfaction_survey":{"type":"CLOSE_CHAT","message":"This chat session has been closed due to long period of unavailability.","max_limit":null,"response_intent_id":null,"survey_conf_time":"5","enabled":false},"sentiment":{"type":null,"message":null,"max_limit":null,"response_intent_id":-1,"survey_conf_time":null,"enabled":false},"authInfoDto":{"maxExpiryMinutes":null,"otpNode":-1,"authRequiredType":null,"enabled":false}},"googleLogin":{"authCode":null,"email":null,"fullName":null,"refreshToken":null,"accessToken":null,"botId":null},"botAccuracyLevel":0.5,"greetingMessage":null,"languageMessage":"{\"message\":\"\",\"title\":\"\",\"code\":\"bn\"}","isDeleted":false,"metaInfo":null,"isBotEnabled":0,"webpageSettings":"{\"triggerFor\":\"all\",\"isTriggerByClickingBanner\":true,\"isTriggerBasedOnDuration\":false,\"triggerDuration\":0}","isMobileSdkChannelEnabled":0,"isKnowledgebaseConnected":1,"buildWith":"GEN_AI","startNodeId":544756,"positionX":null,"positionY":null,"languageCode":"en","isUpdated":false,"version":0,"assignedDepartments":[1450]}]}

13:23:04.216 [pool-2-thread-3] DEBUG com.intuit.karate - response time in milliseconds: 1280
1 < 200
1 < Server: nginx/1.20.1
1 < Date: Mon, 23 Jun 2025 07:23:04 GMT
1 < Content-Type: application/json;charset=UTF-8
1 < Transfer-Encoding: chunked
1 < Connection: keep-alive
1 < Vary: Origin
1 < Vary: Access-Control-Request-Method
1 < Vary: Access-Control-Request-Headers
1 < Set-Cookie: revechatLocaleCookie=en; Max-Age=31536000; Expires=Tue, 23-Jun-2026 07:23:04 GMT; Path=/; SameSite=None
1 < X-Content-Type-Options: nosniff
1 < X-XSS-Protection: 1; mode=block
1 < Cache-Control: no-cache, no-store, max-age=0, must-revalidate
1 < Pragma: no-cache
1 < Expires: 0
1 < Referrer-Policy: no-referrer
1 < Access-Control-Allow-Origin: *
1 < Access-Control-Allow-Credentials: true
1 < Access-Control-Allow-Methods: GET, POST, PUT, DELETE, OPTIONS
1 < Access-Control-Allow-Headers: DNT,X-CustomHeader,Keep-Alive,User-Agent,X-Requested-With,If-Modified-Since,Cache-Control,Content-Type
{"status":"success","message":"found","body":{"content":[{"id":"685777ae6178033d6b10b6c2","accountId":"5487987","chatInfoId":null,"description":"<p>This is test ticket -2</p>","descriptionText":"This is test ticket -2","isDeleted":false,"subject":"Test ticket 57659","assigneeId":null,"assignee":null,"ticketStatusId":276,"ticketStatus":{"id":276,"accountId":"5487987","agentStatusName":"Open","colorCode":"#EE7D64","category":"OPEN","type":"CUSTOM","visitorStatusName":"Open visitor ","showVisitor":true,"notify":true,"notifyTo":["VISITOR"],"templateId":1,"template":{"id":1,"accountId":"","creator":{"id":8563843,"accountId":"4680608","roleId":1,"role":null,"mailAddress":"revechat.test.pervez@gmail.com","mailServer":null,"designation":"","address":null,"phone":"8801726407234","additionalInfo":null,"onlineStatus":0,"lastLoginTime":1748948264072,"lastLogoutTime":1747458435510,"lastName":"Islam Pervez","firstName":"Fokhrul","concurrentChat":3,"isPasswordChanged":0,"updatedTime":1678761828918,"isActive":true,"hasBotAccess":true,"hasBillingAccess":true,"userStatus":0,"isDeleted":false,"isOnboardingDone":1,"profilePictureURL":"4680608-5ec02d4d-a252-41d2-852d-7160158f5c30.png","password":null,"updatedPassword":null,"retypedUpdatedPassword":null,"sha1Password":null,"accCreatedTime":1678761828000,"departments":[],"departmentIds":[],"profileStatus":1,"fromAD":true},"title":"OPEN STATUS TEMPLATE","description":"Default template for open status","status":true,"subject":"{{ticket_subject}}","body":"<p style=\"0text-align: start;\">Dear {{ticket_recipient_name}},</p>\n<p>&nbsp;</p>\n<p style=\"0text-align: start;\">We would like to acknowledge that we have received your request and a ticket has been created.<br>A support representative will be reviewing your request and will send you a personal response.(usually within 24 hours).</p>\n<p style=\"0text-align: start;\">Thank you for your patience.</p>\n<p>&nbsp;</p>\n<p style=\"0text-align: start;\">Sincerely,<br>{{ticket_business_name}} Support Team&nbsp;</p>\n<p><span id=\"ticketId\" style=\"color: #ffffff;\" aria-hidden=\"3D&quot;true&quot;;&quot;\">{{database_id}}</span></p>\n<p>{{ticket_description}}</p>","footer":"<p>If you have any other concern or want to know update of the ticket, please reply to this thread.</p>","created":1673913600000,"updated":1738211746127,"isDefault":true},"groupId":44,"sortNo":1,"isDefault":true,"created":1741498658454,"updated":1741498797149,"isDeleted":false},"ticketPriorityId":5,"ticketPriority":{"id":5,"priorityName":"MEDIUM","colorCode":"#F4B24E"},"statusCategory":"OPEN","isSpammed":false,"attachments":[],"confirmationEmailStatus":"TO_SEND","creationSource":"MANUAL","visitorRecord":null,"tagIds":[],"creatorId":8564078,"creator":{"id":8564078,"accountId":"5487987","roleId":1,"role":{"id":1,"name":"Super Admin","description":"Reve Chat Super Administrator","default":true},"mailAddress":"hamid40057@gmail.com","mailServer":null,"designation":"XYZ","address":null,"phone":"8801770991829","additionalInfo":null,"onlineStatus":0,"lastLoginTime":1750659508693,"lastLogoutTime":1750659382770,"lastName":"Change","firstName":"Hamid","concurrentChat":5,"isPasswordChanged":0,"updatedTime":1682078868351,"isActive":true,"hasBotAccess":true,"hasBillingAccess":true,"userStatus":0,"isDeleted":false,"isOnboardingDone":1,"profilePictureURL":"5487987-21b81a27-0d80-4f9b-a433-408eb0c81afb.png","accCreatedTime":null,"departments":[{"id":1528,"name":"test","description":"","clOperatorCode":"5487987"}],"fromAD":false},"formId":35,"formsDTO":{"id":35,"accountId":"5487987","creator":{"id":8565159,"accountId":"5487987","roleId":2,"role":null,"mailAddress":"away2@yahoo.com","mailServer":null,"designation":"senior Executive ","address":null,"phone":"8801770991826","additionalInfo":null,"onlineStatus":0,"lastLoginTime":1750588052236,"lastLogoutTime":1750588853380,"lastName":"","firstName":"away2","concurrentChat":2,"isPasswordChanged":1,"updatedTime":1736738741135,"isActive":true,"hasBotAccess":true,"hasBillingAccess":true,"userStatus":0,"isDeleted":false,"isOnboardingDone":1,"profilePictureURL":"5487987-ce9f278d-9365-47c1-959f-621cbf591058.png","password":null,"updatedPassword":null,"retypedUpdatedPassword":null,"sha1Password":null,"accCreatedTime":1712232380000,"departments":[],"departmentIds":[],"profileStatus":1,"fromAD":true},"creatorId":8565159,"name":"Bug Report Form","description":null,"visitorEndsName":"Bug Report Form","status":"PUBLISHED","formType":"TICKET","payload":"{\"header\":[{\"type\":\"header\",\"body\":{\"header\":\"Support Request\",\"description\":\"<p>Fill up the form to get a support request</p>\"}}],\"actions\":[{\"type\":\"recipientName\",\"isRequired\":false,\"attributeToSave\":\"ticket_recipient_name\",\"visitorVisibility\":true,\"inputSize\":\"half\",\"uuid\":\"809e7330-5975-4a42-bdd0-e52173a877b8\",\"body\":{\"label\":\"Recipient Name\",\"placeholder\":\"Write here\"}},{\"type\":\"recipientEmail\",\"isRequired\":false,\"attributeToSave\":\"ticket_recipient_email\",\"visitorVisibility\":true,\"inputSize\":\"half\",\"uuid\":\"775a33ba-46dd-4fa4-97db-cf948f789dcf\",\"body\":{\"label\":\"Recipient Email\",\"placeholder\":\"Write your email here\",\"regex\":\"\",\"errorMessage\":\"\"}},{\"type\":\"dropdown\",\"uuid\":\"7617b061-8f44-51e2-41b0-04d009d51b3f\",\"isRequired\":false,\"attributeToSave\":\"problem_area\",\"body\":{\"label\":\"Select area where you are facing the problem\",\"placeholder\":\"Select an option\",\"choiceList\":[{\"label\":\"LIvechat\",\"value\":\"\"},{\"label\":\"Chatbot\",\"value\":\"\"},{\"label\":\"Report\",\"value\":\"\"},{\"label\":\"Integration\",\"value\":\"\"},{\"label\":\"Settings\",\"value\":\"\"}],\"apiFetch\":false,\"apiId\":null,\"apiBody\":{\"attribute\":null,\"dataFormat\":\"string\",\"key\":\"\",\"value\":\"\"}},\"visitorVisibility\":true},{\"type\":\"subject\",\"isRequired\":true,\"attributeToSave\":\"ticket_subject\",\"visitorVisibility\":true,\"inputSize\":\"full\",\"uuid\":\"f780bd4c-b3e1-455f-94f0-56e7d9016f74\",\"body\":{\"label\":\"Subject\",\"placeholder\":\"Write ticket subject...\"}},{\"type\":\"description\",\"isRequired\":true,\"attributeToSave\":\"ticket_description\",\"visitorVisibility\":true,\"inputSize\":\"full\",\"uuid\":\"d824e5bc-40d6-486e-a34d-9c8537d071ff\",\"body\":{\"label\":\"Description\",\"placeholder\":\"Write description...\",\"minChar\":1,\"maxChar\":1000}},{\"type\":\"fileUpload\",\"uuid\":\"a061a98c-92bc-3c45-8b18-c4e7fee43c0a\",\"isRequired\":false,\"attributeToSave\":\"attached_reference\",\"body\":{\"label\":\"Upload a reference\",\"button\":\"Upload File\",\"errorMessage\":\"\",\"fileType\":\"image,video,document\",\"maxFileSize\":2},\"visitorVisibility\":true}],\"useCaptcha\":false,\"formSubmit\":{\"label\":\"Submit\",\"successMessage\":\"\",\"failedMessage\":\"\"}}","activityLog":null,"type":"CUSTOM","uuid":"c2790ef9-afb7-45a6-b467-d5c383f4160c","isEnabled":true,"isDeleted":false,"created":1740020762844,"updated":1741578664320,"isDefault":false,"statusGroupId":44,"statusGroup":{"id":44,"accountId":"5487987","creator":{"id":8565159,"accountId":"5487987","roleId":2,"role":null,"mailAddress":"away2@yahoo.com","mailServer":null,"designation":"senior Executive ","address":null,"phone":"8801770991826","additionalInfo":null,"onlineStatus":0,"lastLoginTime":1750588052236,"lastLogoutTime":1750588853380,"lastName":"","firstName":"away2","concurrentChat":2,"isPasswordChanged":1,"updatedTime":1736738741135,"isActive":true,"hasBotAccess":true,"hasBillingAccess":true,"userStatus":0,"isDeleted":false,"isOnboardingDone":1,"profilePictureURL":"5487987-ce9f278d-9365-47c1-959f-621cbf591058.png","password":null,"updatedPassword":null,"retypedUpdatedPassword":null,"sha1Password":null,"accCreatedTime":1712232380000,"departments":[],"departmentIds":[],"profileStatus":1,"fromAD":true},"title":"Nazmul ","description":"What is Lorem Ipsum?\nLorem Ipsum is simply dummy text of the printing and typesetting industry. Lorem Ipsum has been the industry's standard dummy text ever since the 1500s, when an unknown printer took a galley of type and scrambled it to make a type specimen book. It has survived not only five centuries, but also the leap into electronic typesetting, remaining essentially unchanged. It was popularised in the 1960s with the release of Letraset sheets containing Lorem Ipsum passages, and more recently with desktop publishing software like Aldus PageMaker including versions of Lorem Ipsum.\n\nWhy do we use it?\nIt is a long established fact that a reader will be distracted by the readable content of a page when looking at its layout. The point of using Lorem Ipsum is that it has a more-or-less normal distribution of letters, as opposed to using 'Content here, content here', making it look like readable English. Many desktop publishing packages and web page editors now use Lorem Ipsum as th","departments":[],"status":true,"isDefault":false,"statusList":[{"id":276,"accountId":"5487987","agentStatusName":"Open","colorCode":"#EE7D64","category":"OPEN","type":"CUSTOM","visitorStatusName":"Open visitor ","showVisitor":true,"notify":true,"notifyTo":["VISITOR"],"templateId":1,"template":{"id":1,"accountId":"","creator":{"id":8563843,"accountId":"4680608","roleId":1,"role":null,"mailAddress":"revechat.test.pervez@gmail.com","mailServer":null,"designation":"","address":null,"phone":"8801726407234","additionalInfo":null,"onlineStatus":0,"lastLoginTime":1748948264072,"lastLogoutTime":1747458435510,"lastName":"Islam Pervez","firstName":"Fokhrul","concurrentChat":3,"isPasswordChanged":0,"updatedTime":1678761828918,"isActive":true,"hasBotAccess":true,"hasBillingAccess":true,"userStatus":0,"isDeleted":false,"isOnboardingDone":1,"profilePictureURL":"4680608-5ec02d4d-a252-41d2-852d-7160158f5c30.png","password":null,"updatedPassword":null,"retypedUpdatedPassword":null,"sha1Password":null,"accCreatedTime":1678761828000,"departments":[],"departmentIds":[],"profileStatus":1,"fromAD":true},"title":"OPEN STATUS TEMPLATE","description":"Default template for open status","status":true,"subject":"{{ticket_subject}}","body":"<p style=\"0text-align: start;\">Dear {{ticket_recipient_name}},</p>\n<p>&nbsp;</p>\n<p style=\"0text-align: start;\">We would like to acknowledge that we have received your request and a ticket has been created.<br>A support representative will be reviewing your request and will send you a personal response.(usually within 24 hours).</p>\n<p style=\"0text-align: start;\">Thank you for your patience.</p>\n<p>&nbsp;</p>\n<p style=\"0text-align: start;\">Sincerely,<br>{{ticket_business_name}} Support Team&nbsp;</p>\n<p><span id=\"ticketId\" style=\"color: #ffffff;\" aria-hidden=\"3D&quot;true&quot;;&quot;\">{{database_id}}</span></p>\n<p>{{ticket_description}}</p>","footer":"<p>If you have any other concern or want to know update of the ticket, please reply to this thread.</p>","created":1673913600000,"updated":1738211746127,"isDefault":true},"groupId":44,"sortNo":1,"isDefault":true,"created":1741498658454,"updated":1741498797149,"isDeleted":false},{"id":277,"accountId":"5487987","agentStatusName":"In Progress","colorCode":"#6C69F9","category":"IN_PROGRESS","type":"CUSTOM","visitorStatusName":"In Progress","showVisitor":true,"notify":false,"notifyTo":["VISITOR"],"templateId":1,"template":{"id":1,"accountId":"","creator":{"id":8563843,"accountId":"4680608","roleId":1,"role":null,"mailAddress":"revechat.test.pervez@gmail.com","mailServer":null,"designation":"","address":null,"phone":"8801726407234","additionalInfo":null,"onlineStatus":0,"lastLoginTime":1748948264072,"lastLogoutTime":1747458435510,"lastName":"Islam Pervez","firstName":"Fokhrul","concurrentChat":3,"isPasswordChanged":0,"updatedTime":1678761828918,"isActive":true,"hasBotAccess":true,"hasBillingAccess":true,"userStatus":0,"isDeleted":false,"isOnboardingDone":1,"profilePictureURL":"4680608-5ec02d4d-a252-41d2-852d-7160158f5c30.png","password":null,"updatedPassword":null,"retypedUpdatedPassword":null,"sha1Password":null,"accCreatedTime":1678761828000,"departments":[],"departmentIds":[],"profileStatus":1,"fromAD":true},"title":"OPEN STATUS TEMPLATE","description":"Default template for open status","status":true,"subject":"{{ticket_subject}}","body":"<p style=\"0text-align: start;\">Dear {{ticket_recipient_name}},</p>\n<p>&nbsp;</p>\n<p style=\"0text-align: start;\">We would like to acknowledge that we have received your request and a ticket has been created.<br>A 
[...]
<p><span id=\"ticketId\" style=\"color: #ffffff;\" aria-hidden=\"3D&quot;true&quot;;&quot;\">{{database_id}}</span></p>\n<p>{{ticket_description}}</p>","footer":"<p>If you have any other concern or want to know update of the ticket, please reply to this thread.</p>","created":1673913600000,"updated":1738211746127,"isDefault":true},"groupId":44,"sortNo":1,"isDefault":true,"created":1741498658460,"updated":1741498658460,"isDeleted":false}],"created":1741498658446,"updated":1741499063872}},"ticketUUID":"135e44b3-02ce-4198-89a4-926b2552c834","ticketId":"76","mailMsgId":"f1f6fe29-ec89-433e-a7bd-f47101853a40","isOverDue":false,"dueDate":null,"statusGroupId":44,"statusGroupDTO":{"id":44,"accountId":"5487987","creator":{"id":8565159,"accountId":"5487987","roleId":2,"role":null,"mailAddress":"away2@yahoo.com","mailServer":null,"designation":"senior Executive ","address":null,"phone":"8801770991826","additionalInfo":null,"onlineStatus":0,"lastLoginTime":1750588052236,"lastLogoutTime":1750588853380,"lastName":"","firstName":"away2","concurrentChat":2,"isPasswordChanged":1,"updatedTime":1736738741135,"isActive":true,"hasBotAccess":true,"hasBillingAccess":true,"userStatus":0,"isDeleted":false,"isOnboardingDone":1,"profilePictureURL":"5487987-ce9f278d-9365-47c1-959f-621cbf591058.png","password":null,"updatedPassword":null,"retypedUpdatedPassword":null,"sha1Password":null,"accCreatedTime":1712232380000,"departments":[],"departmentIds":[],"profileStatus":1,"fromAD":true},"title":"Nazmul ","description":"What is Lorem Ipsum?\nLorem Ipsum is simply dummy text of the printing and typesetting industry. Lorem Ipsum has been the industry's standard dummy text ever since the 1500s, when an unknown printer took a galley of type and scrambled it to make a type specimen book. It has survived not only five centuries, but also the leap into electronic typesetting, remaining essentially unchanged. It was popularised in the 1960s with the release of Letraset sheets containing Lorem Ipsum passages, and more recently with desktop publishing software like Aldus PageMaker including versions of Lorem Ipsum.\n\nWhy do we use it?\nIt is a long established fact that a reader will be distracted by the readable content of a page when looking at its layout. The point of using Lorem Ipsum is that it has a more-or-less normal distribution of letters, as opposed to using 'Content here, content here', making it look like readable English. Many desktop publishing packages and web page editors now use Lorem Ipsum as th","departments":[],"status":true,"isDefault":false,"statusList":[{"id":276,"accountId":"5487987","agentStatusName":"Open","colorCode":"#EE7D64","category":"OPEN","type":"CUSTOM","visitorStatusName":"Open visitor ","showVisitor":true,"notify":true,"notifyTo":["VISITOR"],"templateId":1,"template":{"id":1,"accountId":"","creator":{"id":8563843,"accountId":"4680608","roleId":1,"role":null,"mailAddress":"revechat.test.pervez@gmail.com","mailServer":null,"designation":"","address":null,"phone":"8801726407234","additionalInfo":null,"onlineStatus":0,"lastLoginTime":1748948264072,"lastLogoutTime":1747458435510,"lastName":"Islam Pervez","firstName":"Fokhrul","concurrentChat":3,"isPasswordChanged":0,"updatedTime":1678761828918,"isActive":true,"hasBotAccess":true,"hasBillingAccess":true,"userStatus":0,"isDeleted":false,"isOnboardingDone":1,"profilePictureURL":"4680608-5ec02d4d-a252-41d2-852d-7160158f5c30.png","password":null,"updatedPassword":null,"retypedUpdatedPassword":null,"sha1Password":null,"accCreatedTime":1678761828000,"departments":[],"departmentIds":[],"profileStatus":1,"fromAD":true},"title":"OPEN STATUS TEMPLATE","description":"Default template for open status","status":true,"subject":"{{ticket_subject}}","body":"<p style=\"0text-align: start;\">Dear {{ticket_recipient_name}},</p>\n<p>&nbsp;</p>\n<p style=\"0text-align: start;\">We would like to acknowledge that we have received your request and a ticket has been created.<br>A support representative will be reviewing your request and will send you a personal response.(usually within 24 hours).</p>\n<p style=\"0text-align: start;\">Thank you for your patience.</p>\n<p>&nbsp;</p>\n<p style=\"0text-align: start;\">Sincerely,<br>{{ticket_business_name}} Support Team&nbsp;</p>\n<p><span id=\"ticketId\" style=\"color: #ffffff;\" aria-hidden=\"3D&quot;true&quot;;&quot;\">{{database_id}}</span></p>\n<p>{{ticket_description}}</p>","footer":"<p>If you have any other concern or want to know update of the ticket, please reply to this thread.</p>","created":1673913600000,"updated":1738211746127,"isDefault":true},"groupId":44,"sortNo":1,"isDefault":true,"created":1741498658454,"updated":1741498797149,"isDeleted":false},{"id":277,"accountId":"5487987","agentStatusName":"In Progress","colorCode":"#6C69F9","category":"IN_PROGRESS","type":"CUSTOM","visitorStatusName":"In Progress","showVisitor":true,"notify":false,"notifyTo":["VISITOR"],"templateId":1,"template":{"id":1,"accountId":"","creator":{"id":8563843,"accountId":"4680608","roleId":1,"role":null,"mailAddress":"revechat.test.pervez@gmail.com","mailServer":null,"designation":"","address":null,"phone":"8801726407234","additionalInfo":null,"onlineStatus":0,"lastLoginTime":1748948264072,"lastLogoutTime":1747458435510,"lastName":"Islam Pervez","firstName":"Fokhrul","concurrentChat":3,"isPasswordChanged":0,"updatedTime":1678761828918,"isActive":true,"hasBotAccess":true,"hasBillingAccess":true,"userStatus":0,"isDeleted":false,"isOnboardingDone":1,"profilePictureURL":"4680608-5ec02d4d-a252-41d2-852d-7160158f5c30.png","password":null,"updatedPassword":null,"retypedUpdatedPassword":null,"sha1Password":null,"accCreatedTime":1678761828000,"departments":[],"departmentIds":[],"profileStatus":1,"fromAD":true},"title":"OPEN STATUS TEMPLATE","description":"Default template for open status","status":true,"subject":"{{ticket_subject}}","body":"<p style=\"0text-align: start;\">Dear {{ticket_recipient_name}},</p>\n<p>&nbsp;</p>\n<p style=\"0text-align: start;\">We would like to acknowledge that we have received your request and a ticket has been created.<br>A support representative will be reviewing your request and will send you a personal response.(usually within 24 hours).</p>\n<p style=\"0text-align: start;\">Thank you for your patience.</p>\n<p>&nbsp;</p>\n<p style=\"0text-align: start;\">Sincerely,<br>{{ticket_business_name}} Support Team&nbsp;</p>\n<p><span id=\"ticketId\" style=\"color: #ffffff;\" aria-hidden=\"3D&quot;true&quot;;&quot;\">{{database_id}}</span></p>\n<p>{{ticket_description}}</p>","footer":"<p>If you have any other concern or want to know update of the ticket, please reply to this thread.</p>","created":1673913600000,"updated":1738211746127,"isDefault":true},"groupId":44,"sortNo":1,"isDefault":true,"created":1741498658457,"updated":1741498658457,"isDeleted":false},{"id":278,"accountId":"5487987","agentStatusName":"Solved","colorCode":"#18A326","category":"SOLVED","type":"CUSTOM","visitorStatusName":"Solved","showVisitor":true,"notify":false,"notifyTo":["VISITOR"],"templateId":1,"template":{"id":1,"accountId":"","creator":{"id":8563843,"accountId":"4680608","roleId":1,"role":null,"mailAddress":"revechat.test.pervez@gmail.com","mailServer":null,"designation":"","address":null,"phone":"8801726407234","additionalInfo":null,"onlineStatus":0,"lastLoginTime":1748948264072,"lastLogoutTime":1747458435510,"lastName":"Islam Pervez","firstName":"Fokhrul","concurrentChat":3,"isPasswordChanged":0,"updatedTime":1678761828918,"isActive":true,"hasBotAccess":true,"hasBillingAccess":true,"userStatus":0,"isDeleted":false,"isOnboardingDone":1,"profilePictureURL":"4680608-5ec02d4d-a252-41d2-852d-7160158f5c30.png","password":null,"updatedPassword":null,"retypedUpdatedPassword":null,"sha1Password":null,"accCreatedTime":1678761828000,"departments":[],"departmentIds":[],"profileStatus":1,"fromAD":true},"title":"OPEN STATUS TEMPLATE","description":"Default template for open status","status":true,"subject":"{{ticket_subject}}","body":"<p style=\"0text-align: start;\">Dear {{ticket_recipient_name}},</p>\n<p>&nbsp;</p>\n<p style=\"0text-align: start;\">We would like to acknowledge that we have received your request and a ticket has been created.<br>A support representative will be reviewing your request and will send you a personal response.(usually within 24 hours).</p>\n<p style=\"0text-align: start;\">Thank you for your patience.</p>\n<p>&nbsp;</p>\n<p style=\"0text-align: start;\">Sincerely,<br>{{ticket_business_name}} Support Team&nbsp;</p>\n<p><span id=\"ticketId\" style=\"color: #ffffff;\" aria-hidden=\"3D&quot;true&quot;;&quot;\">{{database_id}}</span></p>\n<p>{{ticket_description}}</p>","footer":"<p>If you have any other concern or want to know update of the ticket, please reply to this thread.</p>","created":1673913600000,"updated":1738211746127,"isDefault":true},"groupId":44,"sortNo":1,"isDefault":true,"created":1741498658460,"updated":1741498658460,"isDeleted":false}],"created":1741498658446,"updated":1741499063872},"visitorInfo":{"visitorId":391051,"visitorRecordId":394810,"visitorUUID":"0425d804-5d19-48ed-97c2-bbfc0a79be8f","name":"Hamid Khan-2","email":"hamid.khan@gmail.com","phone":null,"visitorProfilePic":null,"ip":null,"platform":null,"browserName":null,"locationDto":{"countryCode":"-","country":"-","city":"-","latitude":"0.0","longitude":"0.0","region":"-"}},"attributes":{"{{ticket_due_date}}":"","{{ticket_description}}":"<p>This is test ticket -2</p>","{{ticket_last_updated}}":"17-Jun-25 03:33:28 AM","{{ticket_status}}":"Open","{{ticket_recipient_email}}":"hamid.khan@gmail.com","{{ticket_subject}}":"Ticket Created1750131207780","{{ticket_source}}":"MANUAL","{{ticket_type}}":"OUTBOUND","{{problem_area}}":"","{{ticket_recipient_name}}":"Hamid Khan-2","{{ticket_business_name}}":"test2","{{ticket_visitor_status}}":"Open visitor ","{{ticket_creation_date}}":"17-Jun-25 03:33:28 AM","{{ticket_priority}}":"MEDIUM","{{ticket_id}}":"76","{{database_id}}":"TICKET_ID=135e44b3-02ce-4198-89a4-926b2552c834#","{{ticket_status_group}}":"Nazmul ","{{attached_reference}}":"","{{ticket_channel}}":"test2@inbound-staging.revechat.com"},"submittedFields":"[{\"key\":\"Recipient Name\",\"value\":\"Hamid Khan-2\",\"attribute\":\"ticket_recipient_name\",\"id\":\"809e7330-5975-4a42-bdd0-e52173a877b8\",\"valueLabel\":\"Hamid Khan-2\"},{\"key\":\"Recipient Email\",\"value\":\"hamid.khan@gmail.com\",\"attribute\":\"ticket_recipient_email\",\"id\":\"775a33ba-46dd-4fa4-97db-cf948f789dcf\",\"valueLabel\":\"hamid.khan@gmail.com\"},{\"key\":\"Select area where you are facing the problem\",\"value\":\"\",\"attribute\":\"problem_area\",\"id\":\"7617b061-8f44-51e2-41b0-04d009d51b3f\",\"valueLabel\":\"\"},{\"key\":\"Subject\",\"value\":\"Ticket Created1750131207780\",\"attribute\":\"ticket_subject\",\"id\":\"f780bd4c-b3e1-455f-94f0-56e7d9016f74\",\"valueLabel\":\"Ticket Created1750131207780\"},{\"key\":\"Description\",\"value\":\"<p>This is test ticket -2</p>\",\"attribute\":\"ticket_description\",\"id\":\"d824e5bc-40d6-486e-a34d-9c8537d071ff\",\"valueLabel\":\"This is test ticket -2\"},{\"key\":\"Upload a reference\",\"value\":\"\",\"attribute\":\"attached_reference\",\"id\":\"a061a98c-92bc-3c45-8b18-c4e7fee43c0a\",\"valueLabel\":\"\"}]","systemAttributes":{},"customAttributes":{},"messageInfo":{"lastOpenTime":1750131208980},"resolvedById":null,"resolvedBy":null,"created":1750131208980,"updated":1750131208980,"submitTimestamp":1750131208974,"serialNo":0,"channel":"test2@inbound-staging.revechat.com","hasNewMsg":false,"previousId":null,"firstResponseTime":0,"initialResponseTime":0,"resolutionTime":0}],"pageSize":10,"totalPage":2,"currentPage":0,"totalRecord":14}}

13:23:06.431 [pool-2-thread-4] DEBUG com.intuit.karate - response time in milliseconds: 3494
1 < 200
1 < Server: nginx/1.20.1
1 < Date: Mon, 23 Jun 2025 07:23:06 GMT
1 < Content-Type: application/json;charset=UTF-8
1 < Transfer-Encoding: chunked
1 < Connection: keep-alive
1 < Vary: Origin
1 < Vary: Access-Control-Request-Method
1 < Vary: Access-Control-Request-Headers
1 < Set-Cookie: revechatLocaleCookie=en; Max-Age=31536000; Expires=Tue, 23-Jun-2026 07:23:04 GMT; Path=/; SameSite=None
1 < X-Content-Type-Options: nosniff
1 < X-XSS-Protection: 1; mode=block
1 < Cache-Control: no-cache, no-store, max-age=0, must-revalidate
1 < Pragma: no-cache
1 < Expires: 0
1 < Referrer-Policy: no-referrer
1 < Access-Control-Allow-Origin: *
1 < Access-Control-Allow-Credentials: true
1 < Access-Control-Allow-Methods: GET, POST, PUT, DELETE, OPTIONS
1 < Access-Control-Allow-Headers: DNT,X-CustomHeader,Keep-Alive,User-Agent,X-Requested-With,If-Modified-Since,Cache-Control,Content-Type
{"status":"success","message":"created","body":{"id":"685900d8b409065ef4a638c2","accountId":"5487987","chatInfoId":null,"description":"<p>This is test ticket -2</p>","descriptionText":"This is test ticket -2","isDeleted":false,"subject":"Test ticket 71880","assigneeId":null,"statusId":276,"statusCategory":"OPEN","isSpammed":false,"attachments":[],"confirmationEmailStatus":"TO_SEND","creationSource":"MANUAL","tagIds":[],"creatorId":8564078,"formId":35,"ticketUUID":"f440c136-4657-413c-ab29-aa4594666858","ticketId":"86","mailMsgId":null,"priorityId":5,"isOverDue":false,"dueDate":null,"statusGroupId":44,"visitorInfo":{"visitorId":391051,"visitorRecordId":394810,"visitorUUID":"0425d804-5d19-48ed-97c2-bbfc0a79be8f","name":"Hamid Khan-5","email":"dynamic.email@example.com","phone":null,"visitorProfilePic":null,"ip":null,"platform":null,"browserName":null,"locationDto":{"countryCode":"-","country":"-","city":"-","latitude":"0.0","longitude":"0.0","region":"-"}},"attributes":{"ticket_recipient_name":{"key":null,"value":"Hamid Khan-5","attribute":"ticket_recipient_name","type":"recipientName","ratingScale":null,"ratingShape":null,"format":null,"valueLabel":"Hamid Khan-5","id":"809e7330-5975-4a42-bdd0-e52173a877b8"},"attached_reference":{"key":null,"value":"","attribute":"attached_reference","type":"fileUpload","ratingScale":null,"ratingShape":null,"format":null,"valueLabel":"","id":"a061a98c-92bc-3c45-8b18-c4e7fee43c0a"},"ticket_subject":{"key":null,"value":"Test ticket 71880","attribute":"ticket_subject","type":"subject","ratingScale":null,"ratingShape":null,"format":null,"valueLabel":"Test ticket 71880","id":"f780bd4c-b3e1-455f-94f0-56e7d9016f74"},"problem_area":{"key":null,"value":"","attribute":"problem_area","type":"dropdown","ratingScale":null,"ratingShape":null,"format":null,"valueLabel":"","id":"7617b061-8f44-51e2-41b0-04d009d51b3f"},"ticket_recipient_email":{"key":null,"value":"dynamic.email@example.com","attribute":"ticket_recipient_email","type":"recipientEmail","ratingScale":null,"ratingShape":null,"format":null,"valueLabel":"dynamic.email@example.com","id":"775a33ba-46dd-4fa4-97db-cf948f789dcf"},"ticket_description":{"key":null,"value":"<p>This is test ticket -2</p>","attribute":"ticket_description","type":"description","ratingScale":null,"ratingShape":null,"format":null,"valueLabel":"This is test ticket -2","id":"d824e5bc-40d6-486e-a34d-9c8537d071ff"}},"submittedFields":"[{\"key\":\"Recipient Name\",\"value\":\"Hamid Khan-5\",\"attribute\":\"ticket_recipient_name\",\"id\":\"809e7330-5975-4a42-bdd0-e52173a877b8\",\"valueLabel\":\"Hamid Khan-5\"},{\"key\":\"Recipient Email\",\"value\":\"dynamic.email@example.com\",\"attribute\":\"ticket_recipient_email\",\"id\":\"775a33ba-46dd-4fa4-97db-cf948f789dcf\",\"valueLabel\":\"dynamic.email@example.com\"},{\"key\":\"Select area where you are facing the problem\",\"value\":\"\",\"attribute\":\"problem_area\",\"id\":\"7617b061-8f44-51e2-41b0-04d009d51b3f\",\"valueLabel\":\"\"},{\"key\":\"Subject\",\"value\":\"Test ticket 71880\",\"attribute\":\"ticket_subject\",\"id\":\"f780bd4c-b3e1-455f-94f0-56e7d9016f74\",\"valueLabel\":\"Test ticket 71880\"},{\"key\":\"Description\",\"value\":\"<p>This is test ticket -2</p>\",\"attribute\":\"ticket_description\",\"id\":\"d824e5bc-40d6-486e-a34d-9c8537d071ff\",\"valueLabel\":\"This is test ticket -2\"},{\"key\":\"Upload a reference\",\"value\":\"\",\"attribute\":\"attached_reference\",\"id\":\"a061a98c-92bc-3c45-8b18-c4e7fee43c0a\",\"valueLabel\":\"\"}]","systemAttributes":{"{{ticket_due_date}}":"","{{ticket_description}}":"<p>This is test ticket -2</p>","{{ticket_last_updated}}":"23-Jun-25 07:23:06 AM","{{ticket_status}}":"Open","{{ticket_recipient_email}}":"dynamic.email@example.com","{{ticket_subject}}":"Test ticket 71880","{{ticket_source}}":"MANUAL","{{ticket_type}}":"OUTBOUND","{{ticket_recipient_name}}":"Hamid Khan-5","{{ticket_visitor_status}}":"Open visitor ","{{ticket_creation_date}}":"23-Jun-25 07:23:04 AM","{{ticket_priority}}":"MEDIUM","{{ticket_id}}":"86","{{database_id}}":"TICKET_ID=f440c136-4657-413c-ab29-aa4594666858#","{{ticket_status_group}}":"Nazmul ","{{ticket_channel}}":"test2@inbound-staging.revechat.com"},"customAttributes":{"{{problem_area}}":"","{{attached_reference}}":""},"messageInfo":{"lastOpenTime":1750663384350},"resolvedBy":null,"created":1750663384350,"updated":1750663384350,"submitTimestamp":1750663384324,"inReplyTo":null,"reference":null,"ticketCreationType":"OUTBOUND","threadId":null,"hasNewMsg":null,"emailChannel":"test2@inbound-staging.revechat.com","firstResponseTimestamp":0,"reOpened":false,"assigneeChanged":false,"resolutionTime":0,"totalResponseTime":0,"totalPairCount":0,"totalHandlingTime":0,"initialResponseTime":0,"serialNo":0}}

---------------------------------------------------------
feature: classpath:demo/bot_info_rest_controller/BotInfo.feature
scenarios:  2 | passed:  2 | failed:  0 | time: 3.5433
---------------------------------------------------------

13:23:08.298 [pool-3-thread-1] INFO  com.intuit.karate.Suite - <<pass>> feature 1 of 5 (4 remaining) classpath:demo/bot_info_rest_controller/BotInfo.feature
---------------------------------------------------------
feature: classpath:demo/ticket_rest_controller/AllTicketList.feature
scenarios:  1 | passed:  1 | failed:  0 | time: 2.0890
---------------------------------------------------------

13:23:08.889 [pool-3-thread-1] INFO  com.intuit.karate.Suite - <<pass>> feature 2 of 5 (3 remaining) classpath:demo/ticket_rest_controller/AllTicketList.feature
---------------------------------------------------------
feature: classpath:demo/ticket_rest_controller/CreateTicket.feature
scenarios:  1 | passed:  1 | failed:  0 | time: 4.1897
---------------------------------------------------------

13:23:09.559 [pool-3-thread-1] INFO  com.intuit.karate.Suite - <<pass>> feature 3 of 5 (2 remaining) classpath:demo/ticket_rest_controller/CreateTicket.feature
---------------------------------------------------------
feature: classpath:demo/ticket_rest_controller/SingleTicketDetails.feature
scenarios:  1 | passed:  1 | failed:  0 | time: 1.6936
---------------------------------------------------------

13:23:09.725 [pool-3-thread-1] INFO  com.intuit.karate.Suite - <<pass>> feature 4 of 5 (1 remaining) classpath:demo/ticket_rest_controller/SingleTicketDetails.feature
---------------------------------------------------------
feature: classpath:demo/xml/preserve-whitespace.feature
scenarios:  1 | passed:  1 | failed:  0 | time: 0.6041
---------------------------------------------------------

13:23:09.864 [pool-3-thread-1] INFO  com.intuit.karate.Suite - <<pass>> feature 5 of 5 (0 remaining) classpath:demo/xml/preserve-whitespace.feature
Karate version: 1.5.1 | env: demo
======================================================
elapsed:  13.57 | threads:    5 | thread time: 12.12 
features:     5 | skipped:    0 | efficiency: 0.18
scenarios:    6 | passed:     6 | failed: 0
======================================================

HTML report: (paste into browser to view) | Karate version: 1.5.1 | env: demo
file:///D:/P/Karate%20Projects/revechat-api-automation/karate-test-one/target/karate-reports/karate-summary.html
===================================================================

]]></system-out>
  </testcase>
</testsuite>